<?xml version="1.0" encoding="UTF-8"?>
<!-- Generated by org.testng.reporters.JUnitXMLReporter -->
<testsuite ignored="0" hostname="Bhavya" failures="0" tests="2" name="Surefire test" time="0.072" errors="0" timestamp="2026-05-17T20:50:23 IST">
  <testcase classname="testbase.BaseClass" name="@BeforeMethod setUp" time="-1.779031223714E9">
    <failure type="org.testng.TestNGException" message="
Parameter &amp;apos;os&amp;apos; is required by BeforeMethod on method setUp but has not been marked @Optional or defined
">
      <![CDATA[org.testng.TestNGException: 
Parameter 'os' is required by BeforeMethod on method setUp but has not been marked @Optional or defined

at java.base/java.util.ArrayList.forEach(ArrayList.java:1596)
... Removed 33 stack frames]]>
    </failure>
  </testcase> <!-- @BeforeMethod setUp -->
  <testcase classname="testbase.BaseClass" name="@BeforeMethod setUp" time="-1.779031223737E9">
    <failure type="org.testng.TestNGException" message="
Parameter &amp;apos;os&amp;apos; is required by BeforeMethod on method setUp but has not been marked @Optional or defined
">
      <![CDATA[org.testng.TestNGException: 
Parameter 'os' is required by BeforeMethod on method setUp but has not been marked @Optional or defined

at java.base/java.util.ArrayList.forEach(ArrayList.java:1596)
... Removed 33 stack frames]]>
    </failure>
  </testcase> <!-- @BeforeMethod setUp -->
  <testcase classname="testcase.TC005_CheckoutTest" name="test_checkout" time="0.0">
    <skipped/>
  </testcase> <!-- test_checkout -->
  <testcase classname="testcase.TC005_CheckoutTest" name="test_checkout" time="0.0">
    <skipped/>
  </testcase> <!-- test_checkout -->
</testsuite> <!-- Surefire test -->
