<?xml version="1.0" encoding="UTF-8"?>
<!-- Generated by org.testng.reporters.JUnitXMLReporter -->
<testsuite ignored="0" hostname="Bhavya" failures="1" tests="8" name="chromeTest" time="103.437" errors="0" timestamp="2026-05-19T22:22:50 IST">
  <testcase classname="testcase.TC001_AccountRegistrationTest" name="verify_account_registration" time="6.342"/>
  <testcase classname="testcase.TC001_AccountRegistrationTest" name="verify_account_registration" time="3.992"/>
  <testcase classname="testcase.TC002_LoginTest" name="test_login" time="4.248"/>
  <testcase classname="testcase.TC002_LoginTest" name="test_login" time="13.142"/>
  <testcase classname="testcase.TC002_LoginTest" name="test_login" time="13.324"/>
  <testcase classname="testcase.TC003_SearchTest" name="searchProductTest" time="0.726"/>
  <testcase classname="testcase.TC003_SearchTest" name="searchProductTest" time="1.646"/>
  <testcase classname="testcase.TC004_AddToCartTest" name="test_addToCart" time="33.121">
    <failure type="java.lang.AssertionError" message="Product not found in cart: MacBook expected [true] but found [false]">
      <![CDATA[java.lang.AssertionError: Product not found in cart: MacBook expected [true] but found [false]
at testcase.TC004_AddToCartTest.test_addToCart(TC004_AddToCartTest.java:51)
at java.base/java.util.ArrayList.forEach(ArrayList.java:1596)
at java.base/java.util.concurrent.FutureTask.run(FutureTask.java:317)
at java.base/java.util.concurrent.ThreadPoolExecutor.runWorker(ThreadPoolExecutor.java:1144)
at java.base/java.util.concurrent.ThreadPoolExecutor$Worker.run(ThreadPoolExecutor.java:642)
at java.base/java.lang.Thread.run(Thread.java:1583)
... Removed 18 stack frames]]>
    </failure>
  </testcase> <!-- test_addToCart -->
</testsuite> <!-- chromeTest -->
