<?xml version="1.0" encoding="UTF-8"?>
<!-- Generated by org.testng.reporters.JUnitXMLReporter -->
<testsuite ignored="0" hostname="Bhavya" failures="0" tests="7" name="chromeTest" time="67.621" errors="0" timestamp="2026-04-28T22:14:05 IST">
  <testcase classname="testcase.TC003_Datadriventest" name="test_loginDDT" time="4.865"/>
  <testcase classname="testcase.TC003_Datadriventest" name="test_loginDDT" time="4.47"/>
  <testcase classname="testcase.TC003_Datadriventest" name="test_loginDDT" time="12.883"/>
  <testcase classname="testcase.TC003_Datadriventest" name="test_loginDDT" time="3.905"/>
  <testcase classname="testcase.TC003_Datadriventest" name="test_loginDDT" time="13.897"/>
  <testcase classname="testcase.TC003_Datadriventest" name="test_loginDDT" time="3.946"/>
  <testcase classname="testcase.TC003_Datadriventest" name="test_loginDDT" time="12.307"/>
</testsuite> <!-- chromeTest -->
