<?xml version="1.0" encoding="UTF-8"?>
<!-- Generated by org.testng.reporters.JUnitXMLReporter -->
<testsuite ignored="0" hostname="Bhavya" failures="0" tests="7" name="edgeTest" time="67.17" errors="0" timestamp="2026-04-28T22:14:04 IST">
  <testcase classname="testcase.TC003_Datadriventest" name="test_loginDDT" time="4.946"/>
  <testcase classname="testcase.TC003_Datadriventest" name="test_loginDDT" time="4.416"/>
  <testcase classname="testcase.TC003_Datadriventest" name="test_loginDDT" time="12.841"/>
  <testcase classname="testcase.TC003_Datadriventest" name="test_loginDDT" time="3.92"/>
  <testcase classname="testcase.TC003_Datadriventest" name="test_loginDDT" time="13.899"/>
  <testcase classname="testcase.TC003_Datadriventest" name="test_loginDDT" time="3.697"/>
  <testcase classname="testcase.TC003_Datadriventest" name="test_loginDDT" time="11.85"/>
</testsuite> <!-- edgeTest -->
