<?xml version="1.0" encoding="UTF-8"?>
<!-- Generated by org.testng.reporters.JUnitXMLReporter -->
<testsuite ignored="0" hostname="Bhavya" failures="0" tests="7" name="firefoxTest" time="115.104" errors="0" timestamp="2026-04-28T22:14:52 IST">
  <testcase classname="testcase.TC003_Datadriventest" name="test_loginDDT" time="3.018"/>
  <testcase classname="testcase.TC003_Datadriventest" name="test_loginDDT" time="3.227"/>
  <testcase classname="testcase.TC003_Datadriventest" name="test_loginDDT" time="11.861"/>
  <testcase classname="testcase.TC003_Datadriventest" name="test_loginDDT" time="3.21"/>
  <testcase classname="testcase.TC003_Datadriventest" name="test_loginDDT" time="11.077"/>
  <testcase classname="testcase.TC003_Datadriventest" name="test_loginDDT" time="3.042"/>
  <testcase classname="testcase.TC003_Datadriventest" name="test_loginDDT" time="12.013"/>
</testsuite> <!-- firefoxTest -->
