<?xml version="1.0" encoding="UTF-8"?>
<!-- Generated by org.testng.reporters.JUnitXMLReporter -->
<testsuite ignored="0" hostname="Bhavya" failures="1" tests="8" name="edgeTest" time="100.555" errors="0" timestamp="2026-05-20T09:43:30 IST">
  <testcase classname="testcase.TC001_AccountRegistrationTest" name="verify_account_registration" time="5.689"/>
  <testcase classname="testcase.TC001_AccountRegistrationTest" name="verify_account_registration" time="4.414"/>
  <testcase classname="testcase.TC002_LoginTest" name="test_login" time="3.423"/>
  <testcase classname="testcase.TC002_LoginTest" name="test_login" time="13.222"/>
  <testcase classname="testcase.TC002_LoginTest" name="test_login" time="12.703"/>
  <testcase classname="testcase.TC003_SearchTest" name="searchProductTest" time="0.788"/>
  <testcase classname="testcase.TC003_SearchTest" name="searchProductTest" time="0.545"/>
  <testcase classname="testcase.TC004_AddToCartTest" name="test_addToCart" time="31.929">
    <failure type="java.lang.AssertionError" message="Product not found in cart: MacBook expected [true] but found [false]">
      <![CDATA[java.lang.AssertionError: Product not found in cart: MacBook expected [true] but found [false]
at testcase.TC004_AddToCartTest.test_addToCart(TC004_AddToCartTest.java:51)
at java.base/java.util.ArrayList.forEach(ArrayList.java:1596)
at java.base/java.util.concurrent.FutureTask.run(FutureTask.java:317)
at java.base/java.util.concurrent.ThreadPoolExecutor.runWorker(ThreadPoolExecutor.java:1144)
at java.base/java.util.concurrent.ThreadPoolExecutor$Worker.run(ThreadPoolExecutor.java:642)
at java.base/java.lang.Thread.run(Thread.java:1583)
... Removed 18 stack frames]]>
    </failure>
  </testcase> <!-- test_addToCart -->
</testsuite> <!-- edgeTest -->
