<?xml version="1.0" encoding="UTF-8"?>
<testng-results ignored="0" total="2" passed="2" failed="0" skipped="0">
  <reporter-output>
  </reporter-output>
  <suite started-at="2026-05-01T23:54:16 IST" name="MasterSuite" finished-at="2026-05-01T23:54:37 IST" duration-ms="20618">
    <groups>
      <group name="Master">
        <method signature="TC001_AccountRegistrationTest.verify_account_registration()[pri:0, instance:testcase.TC001_AccountRegistrationTest@6ee6f53]" name="verify_account_registration" class="testcase.TC001_AccountRegistrationTest"/>
        <method signature="TC002_LoginTest.test_login()[pri:0, instance:testcase.TC002_LoginTest@134d26af]" name="test_login" class="testcase.TC002_LoginTest"/>
      </group> <!-- Master -->
      <group name="Sanity">
        <method signature="TC002_LoginTest.test_login()[pri:0, instance:testcase.TC002_LoginTest@134d26af]" name="test_login" class="testcase.TC002_LoginTest"/>
      </group> <!-- Sanity -->
      <group name="Regression">
        <method signature="TC001_AccountRegistrationTest.verify_account_registration()[pri:0, instance:testcase.TC001_AccountRegistrationTest@6ee6f53]" name="verify_account_registration" class="testcase.TC001_AccountRegistrationTest"/>
      </group> <!-- Regression -->
    </groups>
    <test started-at="2026-05-01T23:54:16 IST" name="Test" finished-at="2026-05-01T23:54:37 IST" duration-ms="20618">
      <class name="testcase.TC001_AccountRegistrationTest">
        <test-method is-config="true" signature="setUp(java.lang.String,java.lang.String)[pri:0, instance:testcase.TC001_AccountRegistrationTest@6ee6f53]" started-at="2026-05-01T23:54:17 IST" name="setUp" finished-at="2026-05-01T23:54:22 IST" duration-ms="5066" status="PASS">
          <params>
            <param index="0">
              <value>
                <![CDATA[Windows]]>
              </value>
            </param>
            <param index="1">
              <value>
                <![CDATA[edge]]>
              </value>
            </param>
          </params>
          <reporter-output>
          </reporter-output>
        </test-method> <!-- setUp -->
        <test-method signature="verify_account_registration()[pri:0, instance:testcase.TC001_AccountRegistrationTest@6ee6f53]" started-at="2026-05-01T23:54:22 IST" name="verify_account_registration" finished-at="2026-05-01T23:54:28 IST" duration-ms="6652" status="PASS">
          <reporter-output>
          </reporter-output>
        </test-method> <!-- verify_account_registration -->
        <test-method is-config="true" signature="tearDown()[pri:0, instance:testcase.TC001_AccountRegistrationTest@6ee6f53]" started-at="2026-05-01T23:54:28 IST" name="tearDown" finished-at="2026-05-01T23:54:29 IST" duration-ms="422" status="PASS">
          <reporter-output>
          </reporter-output>
        </test-method> <!-- tearDown -->
      </class> <!-- testcase.TC001_AccountRegistrationTest -->
      <class name="testcase.TC002_LoginTest">
        <test-method is-config="true" signature="setUp(java.lang.String,java.lang.String)[pri:0, instance:testcase.TC002_LoginTest@134d26af]" started-at="2026-05-01T23:54:29 IST" name="setUp" finished-at="2026-05-01T23:54:33 IST" duration-ms="3847" status="PASS">
          <params>
            <param index="0">
              <value>
                <![CDATA[Windows]]>
              </value>
            </param>
            <param index="1">
              <value>
                <![CDATA[edge]]>
              </value>
            </param>
          </params>
          <reporter-output>
          </reporter-output>
        </test-method> <!-- setUp -->
        <test-method signature="test_login()[pri:0, instance:testcase.TC002_LoginTest@134d26af]" started-at="2026-05-01T23:54:33 IST" name="test_login" finished-at="2026-05-01T23:54:36 IST" duration-ms="3901" status="PASS">
          <reporter-output>
          </reporter-output>
        </test-method> <!-- test_login -->
        <test-method is-config="true" signature="tearDown()[pri:0, instance:testcase.TC002_LoginTest@134d26af]" started-at="2026-05-01T23:54:36 IST" name="tearDown" finished-at="2026-05-01T23:54:37 IST" duration-ms="322" status="PASS">
          <reporter-output>
          </reporter-output>
        </test-method> <!-- tearDown -->
      </class> <!-- testcase.TC002_LoginTest -->
    </test> <!-- Test -->
  </suite> <!-- MasterSuite -->
</testng-results>
