<?xml version="1.0" encoding="UTF-8"?>
<testng-results ignored="0" total="24" passed="21" failed="3" skipped="0">
  <reporter-output>
  </reporter-output>
  <suite started-at="2026-05-20T09:41:49 IST" name="Suite" finished-at="2026-05-20T09:44:17 IST" duration-ms="147983">
    <groups>
      <group name="Master">
        <method signature="TC001_AccountRegistrationTest.verify_account_registration(java.lang.String,java.lang.String,java.lang.String,java.lang.String,java.lang.String)[pri:0, instance:testcase.TC001_AccountRegistrationTest@2c5529ab]" name="verify_account_registration" class="testcase.TC001_AccountRegistrationTest"/>
        <method signature="TC002_LoginTest.test_login(java.lang.String,java.lang.String,java.lang.String)[pri:0, instance:testcase.TC002_LoginTest@615091b8]" name="test_login" class="testcase.TC002_LoginTest"/>
        <method signature="TC001_AccountRegistrationTest.verify_account_registration(java.lang.String,java.lang.String,java.lang.String,java.lang.String,java.lang.String)[pri:0, instance:testcase.TC001_AccountRegistrationTest@6f2cfcc2]" name="verify_account_registration" class="testcase.TC001_AccountRegistrationTest"/>
        <method signature="TC002_LoginTest.test_login(java.lang.String,java.lang.String,java.lang.String)[pri:0, instance:testcase.TC002_LoginTest@7f6f61c8]" name="test_login" class="testcase.TC002_LoginTest"/>
        <method signature="TC001_AccountRegistrationTest.verify_account_registration(java.lang.String,java.lang.String,java.lang.String,java.lang.String,java.lang.String)[pri:0, instance:testcase.TC001_AccountRegistrationTest@ec2cc4]" name="verify_account_registration" class="testcase.TC001_AccountRegistrationTest"/>
        <method signature="TC002_LoginTest.test_login(java.lang.String,java.lang.String,java.lang.String)[pri:0, instance:testcase.TC002_LoginTest@2a5b3fee]" name="test_login" class="testcase.TC002_LoginTest"/>
      </group> <!-- Master -->
      <group name="Sanity">
        <method signature="TC002_LoginTest.test_login(java.lang.String,java.lang.String,java.lang.String)[pri:0, instance:testcase.TC002_LoginTest@615091b8]" name="test_login" class="testcase.TC002_LoginTest"/>
        <method signature="TC002_LoginTest.test_login(java.lang.String,java.lang.String,java.lang.String)[pri:0, instance:testcase.TC002_LoginTest@7f6f61c8]" name="test_login" class="testcase.TC002_LoginTest"/>
        <method signature="TC002_LoginTest.test_login(java.lang.String,java.lang.String,java.lang.String)[pri:0, instance:testcase.TC002_LoginTest@2a5b3fee]" name="test_login" class="testcase.TC002_LoginTest"/>
      </group> <!-- Sanity -->
      <group name="Regression">
        <method signature="TC001_AccountRegistrationTest.verify_account_registration(java.lang.String,java.lang.String,java.lang.String,java.lang.String,java.lang.String)[pri:0, instance:testcase.TC001_AccountRegistrationTest@2c5529ab]" name="verify_account_registration" class="testcase.TC001_AccountRegistrationTest"/>
        <method signature="TC001_AccountRegistrationTest.verify_account_registration(java.lang.String,java.lang.String,java.lang.String,java.lang.String,java.lang.String)[pri:0, instance:testcase.TC001_AccountRegistrationTest@6f2cfcc2]" name="verify_account_registration" class="testcase.TC001_AccountRegistrationTest"/>
        <method signature="TC001_AccountRegistrationTest.verify_account_registration(java.lang.String,java.lang.String,java.lang.String,java.lang.String,java.lang.String)[pri:0, instance:testcase.TC001_AccountRegistrationTest@ec2cc4]" name="verify_account_registration" class="testcase.TC001_AccountRegistrationTest"/>
      </group> <!-- Regression -->
    </groups>
    <test started-at="2026-05-20T09:41:49 IST" name="edgeTest" finished-at="2026-05-20T09:43:29 IST" duration-ms="100555">
      <class name="testcase.TC003_SearchTest">
        <test-method is-config="true" signature="setUp(java.lang.String,java.lang.String)[pri:0, instance:testcase.TC003_SearchTest@7c1e2a2d]" started-at="2026-05-20T09:42:49 IST" name="setUp" finished-at="2026-05-20T09:42:51 IST" duration-ms="1932" status="PASS">
          <params>
            <param index="0">
              <value>
                <![CDATA[Windows]]>
              </value>
            </param>
            <param index="1">
              <value>
                <![CDATA[edge]]>
              </value>
            </param>
          </params>
          <reporter-output>
          </reporter-output>
        </test-method> <!-- setUp -->
        <test-method signature="searchProductTest(java.lang.String,java.lang.String)[pri:0, instance:testcase.TC003_SearchTest@7c1e2a2d]" started-at="2026-05-20T09:42:51 IST" name="searchProductTest" data-provider="SearchData" finished-at="2026-05-20T09:42:52 IST" duration-ms="788" status="PASS">
          <params>
            <param index="0">
              <value>
                <![CDATA[MacBook]]>
              </value>
            </param>
            <param index="1">
              <value>
                <![CDATA[Intel Core 2 Duo]]>
              </value>
            </param>
          </params>
          <reporter-output>
          </reporter-output>
        </test-method> <!-- searchProductTest -->
        <test-method is-config="true" signature="tearDown()[pri:0, instance:testcase.TC003_SearchTest@7c1e2a2d]" started-at="2026-05-20T09:42:52 IST" name="tearDown" finished-at="2026-05-20T09:42:52 IST" duration-ms="275" status="PASS">
          <reporter-output>
          </reporter-output>
        </test-method> <!-- tearDown -->
        <test-method is-config="true" signature="setUp(java.lang.String,java.lang.String)[pri:0, instance:testcase.TC003_SearchTest@7c1e2a2d]" started-at="2026-05-20T09:42:52 IST" name="setUp" finished-at="2026-05-20T09:42:54 IST" duration-ms="1952" status="PASS">
          <params>
            <param index="0">
              <value>
                <![CDATA[Windows]]>
              </value>
            </param>
            <param index="1">
              <value>
                <![CDATA[edge]]>
              </value>
            </param>
          </params>
          <reporter-output>
          </reporter-output>
        </test-method> <!-- setUp -->
        <test-method signature="searchProductTest(java.lang.String,java.lang.String)[pri:0, instance:testcase.TC003_SearchTest@7c1e2a2d]" started-at="2026-05-20T09:42:54 IST" name="searchProductTest" data-provider="SearchData" finished-at="2026-05-20T09:42:55 IST" duration-ms="545" status="PASS">
          <params>
            <param index="0">
              <value>
                <![CDATA[iPhone]]>
              </value>
            </param>
            <param index="1">
              <value>
                <![CDATA[revolutionary new mobile phone]]>
              </value>
            </param>
          </params>
          <reporter-output>
          </reporter-output>
        </test-method> <!-- searchProductTest -->
        <test-method is-config="true" signature="tearDown()[pri:0, instance:testcase.TC003_SearchTest@7c1e2a2d]" started-at="2026-05-20T09:42:55 IST" name="tearDown" finished-at="2026-05-20T09:42:55 IST" duration-ms="218" status="PASS">
          <reporter-output>
          </reporter-output>
        </test-method> <!-- tearDown -->
      </class> <!-- testcase.TC003_SearchTest -->
      <class name="testcase.TC001_AccountRegistrationTest">
        <test-method is-config="true" signature="setUp(java.lang.String,java.lang.String)[pri:0, instance:testcase.TC001_AccountRegistrationTest@ec2cc4]" started-at="2026-05-20T09:41:49 IST" name="setUp" finished-at="2026-05-20T09:41:54 IST" duration-ms="4619" status="PASS">
          <params>
            <param index="0">
              <value>
                <![CDATA[Windows]]>
              </value>
            </param>
            <param index="1">
              <value>
                <![CDATA[edge]]>
              </value>
            </param>
          </params>
          <reporter-output>
          </reporter-output>
        </test-method> <!-- setUp -->
        <test-method signature="verify_account_registration(java.lang.String,java.lang.String,java.lang.String,java.lang.String,java.lang.String)[pri:0, instance:testcase.TC001_AccountRegistrationTest@ec2cc4]" started-at="2026-05-20T09:41:54 IST" name="verify_account_registration" data-provider="RegisterDataHybrid" finished-at="2026-05-20T09:42:00 IST" duration-ms="5689" status="PASS">
          <params>
            <param index="0">
              <value>
                <![CDATA[Bhavya]]>
              </value>
            </param>
            <param index="1">
              <value>
                <![CDATA[sree]]>
              </value>
            </param>
            <param index="2">
              <value>
                <![CDATA[Bhavsautomation06.doe+1779250309810@example.com]]>
              </value>
            </param>
            <param index="3">
              <value>
                <![CDATA[Bhavya@123]]>
              </value>
            </param>
            <param index="4">
              <value>
                <![CDATA[8688035321]]>
              </value>
            </param>
          </params>
          <reporter-output>
          </reporter-output>
        </test-method> <!-- verify_account_registration -->
        <test-method is-config="true" signature="tearDown()[pri:0, instance:testcase.TC001_AccountRegistrationTest@ec2cc4]" started-at="2026-05-20T09:42:00 IST" name="tearDown" finished-at="2026-05-20T09:42:02 IST" duration-ms="2532" status="PASS">
          <reporter-output>
          </reporter-output>
        </test-method> <!-- tearDown -->
        <test-method is-config="true" signature="setUp(java.lang.String,java.lang.String)[pri:0, instance:testcase.TC001_AccountRegistrationTest@ec2cc4]" started-at="2026-05-20T09:42:02 IST" name="setUp" finished-at="2026-05-20T09:42:05 IST" duration-ms="3027" status="PASS">
          <params>
            <param index="0">
              <value>
                <![CDATA[Windows]]>
              </value>
            </param>
            <param index="1">
              <value>
                <![CDATA[edge]]>
              </value>
            </param>
          </params>
          <reporter-output>
          </reporter-output>
        </test-method> <!-- setUp -->
        <test-method signature="verify_account_registration(java.lang.String,java.lang.String,java.lang.String,java.lang.String,java.lang.String)[pri:0, instance:testcase.TC001_AccountRegistrationTest@ec2cc4]" started-at="2026-05-20T09:42:05 IST" name="verify_account_registration" data-provider="RegisterDataHybrid" finished-at="2026-05-20T09:42:10 IST" duration-ms="4414" status="PASS">
          <params>
            <param index="0">
              <value>
                <![CDATA[Stella]]>
              </value>
            </param>
            <param index="1">
              <value>
                <![CDATA[Smith]]>
              </value>
            </param>
            <param index="2">
              <value>
                <![CDATA[Stellasmith+1779250309812@example.com]]>
              </value>
            </param>
            <param index="3">
              <value>
                <![CDATA[password@456]]>
              </value>
            </param>
            <param index="4">
              <value>
                <![CDATA[9876543210]]>
              </value>
            </param>
          </params>
          <reporter-output>
          </reporter-output>
        </test-method> <!-- verify_account_registration -->
        <test-method is-config="true" signature="tearDown()[pri:0, instance:testcase.TC001_AccountRegistrationTest@ec2cc4]" started-at="2026-05-20T09:42:10 IST" name="tearDown" finished-at="2026-05-20T09:42:10 IST" duration-ms="535" status="PASS">
          <reporter-output>
          </reporter-output>
        </test-method> <!-- tearDown -->
      </class> <!-- testcase.TC001_AccountRegistrationTest -->
      <class name="testcase.TC002_LoginTest">
        <test-method is-config="true" signature="setUp(java.lang.String,java.lang.String)[pri:0, instance:testcase.TC002_LoginTest@2a5b3fee]" started-at="2026-05-20T09:42:10 IST" name="setUp" finished-at="2026-05-20T09:42:13 IST" duration-ms="2554" status="PASS">
          <params>
            <param index="0">
              <value>
                <![CDATA[Windows]]>
              </value>
            </param>
            <param index="1">
              <value>
                <![CDATA[edge]]>
              </value>
            </param>
          </params>
          <reporter-output>
          </reporter-output>
        </test-method> <!-- setUp -->
        <test-method signature="test_login(java.lang.String,java.lang.String,java.lang.String)[pri:0, instance:testcase.TC002_LoginTest@2a5b3fee]" started-at="2026-05-20T09:42:13 IST" name="test_login" data-provider="LoginData" finished-at="2026-05-20T09:42:16 IST" duration-ms="3423" status="PASS">
          <params>
            <param index="0">
              <value>
                <![CDATA[bhavsautomation06@gmail.com]]>
              </value>
            </param>
            <param index="1">
              <value>
                <![CDATA[Bhavs@123]]>
              </value>
            </param>
            <param index="2">
              <value>
                <![CDATA[valid]]>
              </value>
            </param>
          </params>
          <reporter-output>
          </reporter-output>
        </test-method> <!-- test_login -->
        <test-method is-config="true" signature="tearDown()[pri:0, instance:testcase.TC002_LoginTest@2a5b3fee]" started-at="2026-05-20T09:42:16 IST" name="tearDown" finished-at="2026-05-20T09:42:17 IST" duration-ms="541" status="PASS">
          <reporter-output>
          </reporter-output>
        </test-method> <!-- tearDown -->
        <test-method is-config="true" signature="setUp(java.lang.String,java.lang.String)[pri:0, instance:testcase.TC002_LoginTest@2a5b3fee]" started-at="2026-05-20T09:42:17 IST" name="setUp" finished-at="2026-05-20T09:42:20 IST" duration-ms="2811" status="PASS">
          <params>
            <param index="0">
              <value>
                <![CDATA[Windows]]>
              </value>
            </param>
            <param index="1">
              <value>
                <![CDATA[edge]]>
              </value>
            </param>
          </params>
          <reporter-output>
          </reporter-output>
        </test-method> <!-- setUp -->
        <test-method signature="test_login(java.lang.String,java.lang.String,java.lang.String)[pri:0, instance:testcase.TC002_LoginTest@2a5b3fee]" started-at="2026-05-20T09:42:20 IST" name="test_login" data-provider="LoginData" finished-at="2026-05-20T09:42:33 IST" duration-ms="13222" status="PASS">
          <params>
            <param index="0">
              <value>
                <![CDATA[testuser2@test.com]]>
              </value>
            </param>
            <param index="1">
              <value>
                <![CDATA[Password2@]]>
              </value>
            </param>
            <param index="2">
              <value>
                <![CDATA[invalid]]>
              </value>
            </param>
          </params>
          <reporter-output>
          </reporter-output>
        </test-method> <!-- test_login -->
        <test-method is-config="true" signature="tearDown()[pri:0, instance:testcase.TC002_LoginTest@2a5b3fee]" started-at="2026-05-20T09:42:33 IST" name="tearDown" finished-at="2026-05-20T09:42:33 IST" duration-ms="735" status="PASS">
          <reporter-output>
          </reporter-output>
        </test-method> <!-- tearDown -->
        <test-method is-config="true" signature="setUp(java.lang.String,java.lang.String)[pri:0, instance:testcase.TC002_LoginTest@2a5b3fee]" started-at="2026-05-20T09:42:33 IST" name="setUp" finished-at="2026-05-20T09:42:36 IST" duration-ms="2656" status="PASS">
          <params>
            <param index="0">
              <value>
                <![CDATA[Windows]]>
              </value>
            </param>
            <param index="1">
              <value>
                <![CDATA[edge]]>
              </value>
            </param>
          </params>
          <reporter-output>
          </reporter-output>
        </test-method> <!-- setUp -->
        <test-method signature="test_login(java.lang.String,java.lang.String,java.lang.String)[pri:0, instance:testcase.TC002_LoginTest@2a5b3fee]" started-at="2026-05-20T09:42:36 IST" name="test_login" data-provider="LoginData" finished-at="2026-05-20T09:42:49 IST" duration-ms="12703" status="PASS">
          <params>
            <param index="0">
              <value>
                <![CDATA[testuser3@test.com]]>
              </value>
            </param>
            <param index="1">
              <value>
                <![CDATA[Password3@]]>
              </value>
            </param>
            <param index="2">
              <value>
                <![CDATA[invalid]]>
              </value>
            </param>
          </params>
          <reporter-output>
          </reporter-output>
        </test-method> <!-- test_login -->
        <test-method is-config="true" signature="tearDown()[pri:0, instance:testcase.TC002_LoginTest@2a5b3fee]" started-at="2026-05-20T09:42:49 IST" name="tearDown" finished-at="2026-05-20T09:42:49 IST" duration-ms="266" status="PASS">
          <reporter-output>
          </reporter-output>
        </test-method> <!-- tearDown -->
      </class> <!-- testcase.TC002_LoginTest -->
      <class name="testcase.TC004_AddToCartTest">
        <test-method is-config="true" signature="setUp(java.lang.String,java.lang.String)[pri:0, instance:testcase.TC004_AddToCartTest@333dd51e]" started-at="2026-05-20T09:42:55 IST" name="setUp" finished-at="2026-05-20T09:42:57 IST" duration-ms="1783" status="PASS">
          <params>
            <param index="0">
              <value>
                <![CDATA[Windows]]>
              </value>
            </param>
            <param index="1">
              <value>
                <![CDATA[edge]]>
              </value>
            </param>
          </params>
          <reporter-output>
          </reporter-output>
        </test-method> <!-- setUp -->
        <test-method signature="test_addToCart()[pri:0, instance:testcase.TC004_AddToCartTest@333dd51e]" started-at="2026-05-20T09:42:57 IST" name="test_addToCart" finished-at="2026-05-20T09:43:29 IST" duration-ms="31929" status="FAIL">
          <exception class="java.lang.AssertionError">
            <message>
              <![CDATA[Product not found in cart: MacBook expected [true] but found [false]]]>
            </message>
            <full-stacktrace>
              <![CDATA[java.lang.AssertionError: Product not found in cart: MacBook expected [true] but found [false]
at org.testng.Assert.fail(Assert.java:111)
at org.testng.Assert.failNotEquals(Assert.java:1590)
at org.testng.Assert.assertTrue(Assert.java:57)
at testcase.TC004_AddToCartTest.test_addToCart(TC004_AddToCartTest.java:51)
at java.base/jdk.internal.reflect.DirectMethodHandleAccessor.invoke(DirectMethodHandleAccessor.java:103)
at java.base/java.lang.reflect.Method.invoke(Method.java:580)
at org.testng.internal.invokers.MethodInvocationHelper.invokeMethod(MethodInvocationHelper.java:141)
at org.testng.internal.invokers.TestInvoker.invokeMethod(TestInvoker.java:697)
at org.testng.internal.invokers.TestInvoker.invokeTestMethod(TestInvoker.java:230)
at org.testng.internal.invokers.MethodRunner.runInSequence(MethodRunner.java:63)
at org.testng.internal.invokers.TestInvoker$MethodInvocationAgent.invoke(TestInvoker.java:1005)
at org.testng.internal.invokers.TestInvoker.invokeTestMethods(TestInvoker.java:203)
at org.testng.internal.invokers.TestMethodWorker.invokeTestMethods(TestMethodWorker.java:154)
at org.testng.internal.invokers.TestMethodWorker.run(TestMethodWorker.java:134)
at java.base/java.util.ArrayList.forEach(ArrayList.java:1596)
at org.testng.TestRunner.privateRun(TestRunner.java:744)
at org.testng.TestRunner.run(TestRunner.java:616)
at org.testng.SuiteRunner.runTest(SuiteRunner.java:421)
at org.testng.SuiteRunner$SuiteWorker.run(SuiteRunner.java:463)
at org.testng.internal.thread.ThreadUtil.lambda$execute$0(ThreadUtil.java:64)
at java.base/java.util.concurrent.FutureTask.run(FutureTask.java:317)
at java.base/java.util.concurrent.ThreadPoolExecutor.runWorker(ThreadPoolExecutor.java:1144)
at java.base/java.util.concurrent.ThreadPoolExecutor$Worker.run(ThreadPoolExecutor.java:642)
at java.base/java.lang.Thread.run(Thread.java:1583)
]]>
            </full-stacktrace>
          </exception> <!-- java.lang.AssertionError -->
          <reporter-output>
          </reporter-output>
        </test-method> <!-- test_addToCart -->
        <test-method is-config="true" signature="tearDown()[pri:0, instance:testcase.TC004_AddToCartTest@333dd51e]" started-at="2026-05-20T09:43:29 IST" name="tearDown" finished-at="2026-05-20T09:43:29 IST" duration-ms="427" status="PASS">
          <reporter-output>
          </reporter-output>
        </test-method> <!-- tearDown -->
      </class> <!-- testcase.TC004_AddToCartTest -->
    </test> <!-- edgeTest -->
    <test started-at="2026-05-20T09:41:49 IST" name="chromeTest" finished-at="2026-05-20T09:43:54 IST" duration-ms="125458">
      <class name="testcase.TC003_SearchTest">
        <test-method is-config="true" signature="setUp(java.lang.String,java.lang.String)[pri:0, instance:testcase.TC003_SearchTest@4fce136b]" started-at="2026-05-20T09:43:15 IST" name="setUp" finished-at="2026-05-20T09:43:17 IST" duration-ms="1576" status="PASS">
          <params>
            <param index="0">
              <value>
                <![CDATA[Windows]]>
              </value>
            </param>
            <param index="1">
              <value>
                <![CDATA[chrome]]>
              </value>
            </param>
          </params>
          <reporter-output>
          </reporter-output>
        </test-method> <!-- setUp -->
        <test-method signature="searchProductTest(java.lang.String,java.lang.String)[pri:0, instance:testcase.TC003_SearchTest@4fce136b]" started-at="2026-05-20T09:43:17 IST" name="searchProductTest" data-provider="SearchData" finished-at="2026-05-20T09:43:17 IST" duration-ms="588" status="PASS">
          <params>
            <param index="0">
              <value>
                <![CDATA[MacBook]]>
              </value>
            </param>
            <param index="1">
              <value>
                <![CDATA[Intel Core 2 Duo]]>
              </value>
            </param>
          </params>
          <reporter-output>
          </reporter-output>
        </test-method> <!-- searchProductTest -->
        <test-method is-config="true" signature="tearDown()[pri:0, instance:testcase.TC003_SearchTest@4fce136b]" started-at="2026-05-20T09:43:17 IST" name="tearDown" finished-at="2026-05-20T09:43:17 IST" duration-ms="223" status="PASS">
          <reporter-output>
          </reporter-output>
        </test-method> <!-- tearDown -->
        <test-method is-config="true" signature="setUp(java.lang.String,java.lang.String)[pri:0, instance:testcase.TC003_SearchTest@4fce136b]" started-at="2026-05-20T09:43:17 IST" name="setUp" finished-at="2026-05-20T09:43:19 IST" duration-ms="1605" status="PASS">
          <params>
            <param index="0">
              <value>
                <![CDATA[Windows]]>
              </value>
            </param>
            <param index="1">
              <value>
                <![CDATA[chrome]]>
              </value>
            </param>
          </params>
          <reporter-output>
          </reporter-output>
        </test-method> <!-- setUp -->
        <test-method signature="searchProductTest(java.lang.String,java.lang.String)[pri:0, instance:testcase.TC003_SearchTest@4fce136b]" started-at="2026-05-20T09:43:19 IST" name="searchProductTest" data-provider="SearchData" finished-at="2026-05-20T09:43:20 IST" duration-ms="620" status="PASS">
          <params>
            <param index="0">
              <value>
                <![CDATA[iPhone]]>
              </value>
            </param>
            <param index="1">
              <value>
                <![CDATA[revolutionary new mobile phone]]>
              </value>
            </param>
          </params>
          <reporter-output>
          </reporter-output>
        </test-method> <!-- searchProductTest -->
        <test-method is-config="true" signature="tearDown()[pri:0, instance:testcase.TC003_SearchTest@4fce136b]" started-at="2026-05-20T09:43:20 IST" name="tearDown" finished-at="2026-05-20T09:43:20 IST" duration-ms="310" status="PASS">
          <reporter-output>
          </reporter-output>
        </test-method> <!-- tearDown -->
      </class> <!-- testcase.TC003_SearchTest -->
      <class name="testcase.TC001_AccountRegistrationTest">
        <test-method is-config="true" signature="setUp(java.lang.String,java.lang.String)[pri:0, instance:testcase.TC001_AccountRegistrationTest@2c5529ab]" started-at="2026-05-20T09:41:49 IST" name="setUp" finished-at="2026-05-20T09:42:26 IST" duration-ms="36679" status="PASS">
          <params>
            <param index="0">
              <value>
                <![CDATA[Windows]]>
              </value>
            </param>
            <param index="1">
              <value>
                <![CDATA[chrome]]>
              </value>
            </param>
          </params>
          <reporter-output>
          </reporter-output>
        </test-method> <!-- setUp -->
        <test-method signature="verify_account_registration(java.lang.String,java.lang.String,java.lang.String,java.lang.String,java.lang.String)[pri:0, instance:testcase.TC001_AccountRegistrationTest@2c5529ab]" started-at="2026-05-20T09:42:26 IST" name="verify_account_registration" data-provider="RegisterDataHybrid" finished-at="2026-05-20T09:42:30 IST" duration-ms="3658" status="PASS">
          <params>
            <param index="0">
              <value>
                <![CDATA[Bhavya]]>
              </value>
            </param>
            <param index="1">
              <value>
                <![CDATA[sree]]>
              </value>
            </param>
            <param index="2">
              <value>
                <![CDATA[Bhavsautomation06.doe+1779250309810@example.com]]>
              </value>
            </param>
            <param index="3">
              <value>
                <![CDATA[Bhavya@123]]>
              </value>
            </param>
            <param index="4">
              <value>
                <![CDATA[8688035321]]>
              </value>
            </param>
          </params>
          <reporter-output>
          </reporter-output>
        </test-method> <!-- verify_account_registration -->
        <test-method is-config="true" signature="tearDown()[pri:0, instance:testcase.TC001_AccountRegistrationTest@2c5529ab]" started-at="2026-05-20T09:42:30 IST" name="tearDown" finished-at="2026-05-20T09:42:30 IST" duration-ms="423" status="PASS">
          <reporter-output>
          </reporter-output>
        </test-method> <!-- tearDown -->
        <test-method is-config="true" signature="setUp(java.lang.String,java.lang.String)[pri:0, instance:testcase.TC001_AccountRegistrationTest@2c5529ab]" started-at="2026-05-20T09:42:30 IST" name="setUp" finished-at="2026-05-20T09:42:33 IST" duration-ms="2924" status="PASS">
          <params>
            <param index="0">
              <value>
                <![CDATA[Windows]]>
              </value>
            </param>
            <param index="1">
              <value>
                <![CDATA[chrome]]>
              </value>
            </param>
          </params>
          <reporter-output>
          </reporter-output>
        </test-method> <!-- setUp -->
        <test-method signature="verify_account_registration(java.lang.String,java.lang.String,java.lang.String,java.lang.String,java.lang.String)[pri:0, instance:testcase.TC001_AccountRegistrationTest@2c5529ab]" started-at="2026-05-20T09:42:33 IST" name="verify_account_registration" data-provider="RegisterDataHybrid" finished-at="2026-05-20T09:42:39 IST" duration-ms="5808" status="PASS">
          <params>
            <param index="0">
              <value>
                <![CDATA[Stella]]>
              </value>
            </param>
            <param index="1">
              <value>
                <![CDATA[Smith]]>
              </value>
            </param>
            <param index="2">
              <value>
                <![CDATA[Stellasmith+1779250309812@example.com]]>
              </value>
            </param>
            <param index="3">
              <value>
                <![CDATA[password@456]]>
              </value>
            </param>
            <param index="4">
              <value>
                <![CDATA[9876543210]]>
              </value>
            </param>
          </params>
          <reporter-output>
          </reporter-output>
        </test-method> <!-- verify_account_registration -->
        <test-method is-config="true" signature="tearDown()[pri:0, instance:testcase.TC001_AccountRegistrationTest@2c5529ab]" started-at="2026-05-20T09:42:39 IST" name="tearDown" finished-at="2026-05-20T09:42:39 IST" duration-ms="378" status="PASS">
          <reporter-output>
          </reporter-output>
        </test-method> <!-- tearDown -->
      </class> <!-- testcase.TC001_AccountRegistrationTest -->
      <class name="testcase.TC002_LoginTest">
        <test-method is-config="true" signature="setUp(java.lang.String,java.lang.String)[pri:0, instance:testcase.TC002_LoginTest@615091b8]" started-at="2026-05-20T09:42:39 IST" name="setUp" finished-at="2026-05-20T09:42:41 IST" duration-ms="2087" status="PASS">
          <params>
            <param index="0">
              <value>
                <![CDATA[Windows]]>
              </value>
            </param>
            <param index="1">
              <value>
                <![CDATA[chrome]]>
              </value>
            </param>
          </params>
          <reporter-output>
          </reporter-output>
        </test-method> <!-- setUp -->
        <test-method signature="test_login(java.lang.String,java.lang.String,java.lang.String)[pri:0, instance:testcase.TC002_LoginTest@615091b8]" started-at="2026-05-20T09:42:41 IST" name="test_login" data-provider="LoginData" finished-at="2026-05-20T09:42:44 IST" duration-ms="2708" status="PASS">
          <params>
            <param index="0">
              <value>
                <![CDATA[bhavsautomation06@gmail.com]]>
              </value>
            </param>
            <param index="1">
              <value>
                <![CDATA[Bhavs@123]]>
              </value>
            </param>
            <param index="2">
              <value>
                <![CDATA[valid]]>
              </value>
            </param>
          </params>
          <reporter-output>
          </reporter-output>
        </test-method> <!-- test_login -->
        <test-method is-config="true" signature="tearDown()[pri:0, instance:testcase.TC002_LoginTest@615091b8]" started-at="2026-05-20T09:42:44 IST" name="tearDown" finished-at="2026-05-20T09:42:45 IST" duration-ms="547" status="PASS">
          <reporter-output>
          </reporter-output>
        </test-method> <!-- tearDown -->
        <test-method is-config="true" signature="setUp(java.lang.String,java.lang.String)[pri:0, instance:testcase.TC002_LoginTest@615091b8]" started-at="2026-05-20T09:42:45 IST" name="setUp" finished-at="2026-05-20T09:42:47 IST" duration-ms="2630" status="PASS">
          <params>
            <param index="0">
              <value>
                <![CDATA[Windows]]>
              </value>
            </param>
            <param index="1">
              <value>
                <![CDATA[chrome]]>
              </value>
            </param>
          </params>
          <reporter-output>
          </reporter-output>
        </test-method> <!-- setUp -->
        <test-method signature="test_login(java.lang.String,java.lang.String,java.lang.String)[pri:0, instance:testcase.TC002_LoginTest@615091b8]" started-at="2026-05-20T09:42:47 IST" name="test_login" data-provider="LoginData" finished-at="2026-05-20T09:42:59 IST" duration-ms="11638" status="PASS">
          <params>
            <param index="0">
              <value>
                <![CDATA[testuser2@test.com]]>
              </value>
            </param>
            <param index="1">
              <value>
                <![CDATA[Password2@]]>
              </value>
            </param>
            <param index="2">
              <value>
                <![CDATA[invalid]]>
              </value>
            </param>
          </params>
          <reporter-output>
          </reporter-output>
        </test-method> <!-- test_login -->
        <test-method is-config="true" signature="tearDown()[pri:0, instance:testcase.TC002_LoginTest@615091b8]" started-at="2026-05-20T09:42:59 IST" name="tearDown" finished-at="2026-05-20T09:42:59 IST" duration-ms="238" status="PASS">
          <reporter-output>
          </reporter-output>
        </test-method> <!-- tearDown -->
        <test-method is-config="true" signature="setUp(java.lang.String,java.lang.String)[pri:0, instance:testcase.TC002_LoginTest@615091b8]" started-at="2026-05-20T09:42:59 IST" name="setUp" finished-at="2026-05-20T09:43:01 IST" duration-ms="1854" status="PASS">
          <params>
            <param index="0">
              <value>
                <![CDATA[Windows]]>
              </value>
            </param>
            <param index="1">
              <value>
                <![CDATA[chrome]]>
              </value>
            </param>
          </params>
          <reporter-output>
          </reporter-output>
        </test-method> <!-- setUp -->
        <test-method signature="test_login(java.lang.String,java.lang.String,java.lang.String)[pri:0, instance:testcase.TC002_LoginTest@615091b8]" started-at="2026-05-20T09:43:01 IST" name="test_login" data-provider="LoginData" finished-at="2026-05-20T09:43:15 IST" duration-ms="13777" status="PASS">
          <params>
            <param index="0">
              <value>
                <![CDATA[testuser3@test.com]]>
              </value>
            </param>
            <param index="1">
              <value>
                <![CDATA[Password3@]]>
              </value>
            </param>
            <param index="2">
              <value>
                <![CDATA[invalid]]>
              </value>
            </param>
          </params>
          <reporter-output>
          </reporter-output>
        </test-method> <!-- test_login -->
        <test-method is-config="true" signature="tearDown()[pri:0, instance:testcase.TC002_LoginTest@615091b8]" started-at="2026-05-20T09:43:15 IST" name="tearDown" finished-at="2026-05-20T09:43:15 IST" duration-ms="247" status="PASS">
          <reporter-output>
          </reporter-output>
        </test-method> <!-- tearDown -->
      </class> <!-- testcase.TC002_LoginTest -->
      <class name="testcase.TC004_AddToCartTest">
        <test-method is-config="true" signature="setUp(java.lang.String,java.lang.String)[pri:0, instance:testcase.TC004_AddToCartTest@4aa83f4f]" started-at="2026-05-20T09:43:20 IST" name="setUp" finished-at="2026-05-20T09:43:22 IST" duration-ms="1805" status="PASS">
          <params>
            <param index="0">
              <value>
                <![CDATA[Windows]]>
              </value>
            </param>
            <param index="1">
              <value>
                <![CDATA[chrome]]>
              </value>
            </param>
          </params>
          <reporter-output>
          </reporter-output>
        </test-method> <!-- setUp -->
        <test-method signature="test_addToCart()[pri:0, instance:testcase.TC004_AddToCartTest@4aa83f4f]" started-at="2026-05-20T09:43:22 IST" name="test_addToCart" finished-at="2026-05-20T09:43:54 IST" duration-ms="32023" status="FAIL">
          <exception class="java.lang.AssertionError">
            <message>
              <![CDATA[Product not found in cart: MacBook expected [true] but found [false]]]>
            </message>
            <full-stacktrace>
              <![CDATA[java.lang.AssertionError: Product not found in cart: MacBook expected [true] but found [false]
at org.testng.Assert.fail(Assert.java:111)
at org.testng.Assert.failNotEquals(Assert.java:1590)
at org.testng.Assert.assertTrue(Assert.java:57)
at testcase.TC004_AddToCartTest.test_addToCart(TC004_AddToCartTest.java:51)
at java.base/jdk.internal.reflect.DirectMethodHandleAccessor.invoke(DirectMethodHandleAccessor.java:103)
at java.base/java.lang.reflect.Method.invoke(Method.java:580)
at org.testng.internal.invokers.MethodInvocationHelper.invokeMethod(MethodInvocationHelper.java:141)
at org.testng.internal.invokers.TestInvoker.invokeMethod(TestInvoker.java:697)
at org.testng.internal.invokers.TestInvoker.invokeTestMethod(TestInvoker.java:230)
at org.testng.internal.invokers.MethodRunner.runInSequence(MethodRunner.java:63)
at org.testng.internal.invokers.TestInvoker$MethodInvocationAgent.invoke(TestInvoker.java:1005)
at org.testng.internal.invokers.TestInvoker.invokeTestMethods(TestInvoker.java:203)
at org.testng.internal.invokers.TestMethodWorker.invokeTestMethods(TestMethodWorker.java:154)
at org.testng.internal.invokers.TestMethodWorker.run(TestMethodWorker.java:134)
at java.base/java.util.ArrayList.forEach(ArrayList.java:1596)
at org.testng.TestRunner.privateRun(TestRunner.java:744)
at org.testng.TestRunner.run(TestRunner.java:616)
at org.testng.SuiteRunner.runTest(SuiteRunner.java:421)
at org.testng.SuiteRunner$SuiteWorker.run(SuiteRunner.java:463)
at org.testng.internal.thread.ThreadUtil.lambda$execute$0(ThreadUtil.java:64)
at java.base/java.util.concurrent.FutureTask.run(FutureTask.java:317)
at java.base/java.util.concurrent.ThreadPoolExecutor.runWorker(ThreadPoolExecutor.java:1144)
at java.base/java.util.concurrent.ThreadPoolExecutor$Worker.run(ThreadPoolExecutor.java:642)
at java.base/java.lang.Thread.run(Thread.java:1583)
]]>
            </full-stacktrace>
          </exception> <!-- java.lang.AssertionError -->
          <reporter-output>
          </reporter-output>
        </test-method> <!-- test_addToCart -->
        <test-method is-config="true" signature="tearDown()[pri:0, instance:testcase.TC004_AddToCartTest@4aa83f4f]" started-at="2026-05-20T09:43:54 IST" name="tearDown" finished-at="2026-05-20T09:43:54 IST" duration-ms="246" status="PASS">
          <reporter-output>
          </reporter-output>
        </test-method> <!-- tearDown -->
      </class> <!-- testcase.TC004_AddToCartTest -->
    </test> <!-- chromeTest -->
    <test started-at="2026-05-20T09:41:49 IST" name="firefoxTest" finished-at="2026-05-20T09:44:17 IST" duration-ms="147983">
      <class name="testcase.TC003_SearchTest">
        <test-method is-config="true" signature="setUp(java.lang.String,java.lang.String)[pri:0, instance:testcase.TC003_SearchTest@4c2cc639]" started-at="2026-05-20T09:43:20 IST" name="setUp" finished-at="2026-05-20T09:43:27 IST" duration-ms="6590" status="PASS">
          <params>
            <param index="0">
              <value>
                <![CDATA[Windows]]>
              </value>
            </param>
            <param index="1">
              <value>
                <![CDATA[firefox]]>
              </value>
            </param>
          </params>
          <reporter-output>
          </reporter-output>
        </test-method> <!-- setUp -->
        <test-method signature="searchProductTest(java.lang.String,java.lang.String)[pri:0, instance:testcase.TC003_SearchTest@4c2cc639]" started-at="2026-05-20T09:43:27 IST" name="searchProductTest" data-provider="SearchData" finished-at="2026-05-20T09:43:28 IST" duration-ms="1478" status="PASS">
          <params>
            <param index="0">
              <value>
                <![CDATA[MacBook]]>
              </value>
            </param>
            <param index="1">
              <value>
                <![CDATA[Intel Core 2 Duo]]>
              </value>
            </param>
          </params>
          <reporter-output>
          </reporter-output>
        </test-method> <!-- searchProductTest -->
        <test-method is-config="true" signature="tearDown()[pri:0, instance:testcase.TC003_SearchTest@4c2cc639]" started-at="2026-05-20T09:43:28 IST" name="tearDown" finished-at="2026-05-20T09:43:29 IST" duration-ms="1385" status="PASS">
          <reporter-output>
          </reporter-output>
        </test-method> <!-- tearDown -->
        <test-method is-config="true" signature="setUp(java.lang.String,java.lang.String)[pri:0, instance:testcase.TC003_SearchTest@4c2cc639]" started-at="2026-05-20T09:43:29 IST" name="setUp" finished-at="2026-05-20T09:43:36 IST" duration-ms="6859" status="PASS">
          <params>
            <param index="0">
              <value>
                <![CDATA[Windows]]>
              </value>
            </param>
            <param index="1">
              <value>
                <![CDATA[firefox]]>
              </value>
            </param>
          </params>
          <reporter-output>
          </reporter-output>
        </test-method> <!-- setUp -->
        <test-method signature="searchProductTest(java.lang.String,java.lang.String)[pri:0, instance:testcase.TC003_SearchTest@4c2cc639]" started-at="2026-05-20T09:43:36 IST" name="searchProductTest" data-provider="SearchData" finished-at="2026-05-20T09:43:38 IST" duration-ms="1206" status="PASS">
          <params>
            <param index="0">
              <value>
                <![CDATA[iPhone]]>
              </value>
            </param>
            <param index="1">
              <value>
                <![CDATA[revolutionary new mobile phone]]>
              </value>
            </param>
          </params>
          <reporter-output>
          </reporter-output>
        </test-method> <!-- searchProductTest -->
        <test-method is-config="true" signature="tearDown()[pri:0, instance:testcase.TC003_SearchTest@4c2cc639]" started-at="2026-05-20T09:43:38 IST" name="tearDown" finished-at="2026-05-20T09:43:39 IST" duration-ms="1182" status="PASS">
          <reporter-output>
          </reporter-output>
        </test-method> <!-- tearDown -->
      </class> <!-- testcase.TC003_SearchTest -->
      <class name="testcase.TC001_AccountRegistrationTest">
        <test-method is-config="true" signature="setUp(java.lang.String,java.lang.String)[pri:0, instance:testcase.TC001_AccountRegistrationTest@6f2cfcc2]" started-at="2026-05-20T09:41:49 IST" name="setUp" finished-at="2026-05-20T09:42:02 IST" duration-ms="12241" status="PASS">
          <params>
            <param index="0">
              <value>
                <![CDATA[Windows]]>
              </value>
            </param>
            <param index="1">
              <value>
                <![CDATA[firefox]]>
              </value>
            </param>
          </params>
          <reporter-output>
          </reporter-output>
        </test-method> <!-- setUp -->
        <test-method signature="verify_account_registration(java.lang.String,java.lang.String,java.lang.String,java.lang.String,java.lang.String)[pri:0, instance:testcase.TC001_AccountRegistrationTest@6f2cfcc2]" started-at="2026-05-20T09:42:02 IST" name="verify_account_registration" data-provider="RegisterDataHybrid" finished-at="2026-05-20T09:42:07 IST" duration-ms="5338" status="PASS">
          <params>
            <param index="0">
              <value>
                <![CDATA[Bhavya]]>
              </value>
            </param>
            <param index="1">
              <value>
                <![CDATA[sree]]>
              </value>
            </param>
            <param index="2">
              <value>
                <![CDATA[Bhavsautomation06.doe+1779250309809@example.com]]>
              </value>
            </param>
            <param index="3">
              <value>
                <![CDATA[Bhavya@123]]>
              </value>
            </param>
            <param index="4">
              <value>
                <![CDATA[8688035321]]>
              </value>
            </param>
          </params>
          <reporter-output>
          </reporter-output>
        </test-method> <!-- verify_account_registration -->
        <test-method is-config="true" signature="tearDown()[pri:0, instance:testcase.TC001_AccountRegistrationTest@6f2cfcc2]" started-at="2026-05-20T09:42:07 IST" name="tearDown" finished-at="2026-05-20T09:42:09 IST" duration-ms="1697" status="PASS">
          <reporter-output>
          </reporter-output>
        </test-method> <!-- tearDown -->
        <test-method is-config="true" signature="setUp(java.lang.String,java.lang.String)[pri:0, instance:testcase.TC001_AccountRegistrationTest@6f2cfcc2]" started-at="2026-05-20T09:42:09 IST" name="setUp" finished-at="2026-05-20T09:42:18 IST" duration-ms="9305" status="PASS">
          <params>
            <param index="0">
              <value>
                <![CDATA[Windows]]>
              </value>
            </param>
            <param index="1">
              <value>
                <![CDATA[firefox]]>
              </value>
            </param>
          </params>
          <reporter-output>
          </reporter-output>
        </test-method> <!-- setUp -->
        <test-method signature="verify_account_registration(java.lang.String,java.lang.String,java.lang.String,java.lang.String,java.lang.String)[pri:0, instance:testcase.TC001_AccountRegistrationTest@6f2cfcc2]" started-at="2026-05-20T09:42:18 IST" name="verify_account_registration" data-provider="RegisterDataHybrid" finished-at="2026-05-20T09:42:23 IST" duration-ms="5178" status="PASS">
          <params>
            <param index="0">
              <value>
                <![CDATA[Stella]]>
              </value>
            </param>
            <param index="1">
              <value>
                <![CDATA[Smith]]>
              </value>
            </param>
            <param index="2">
              <value>
                <![CDATA[Stellasmith+1779250309812@example.com]]>
              </value>
            </param>
            <param index="3">
              <value>
                <![CDATA[password@456]]>
              </value>
            </param>
            <param index="4">
              <value>
                <![CDATA[9876543210]]>
              </value>
            </param>
          </params>
          <reporter-output>
          </reporter-output>
        </test-method> <!-- verify_account_registration -->
        <test-method is-config="true" signature="tearDown()[pri:0, instance:testcase.TC001_AccountRegistrationTest@6f2cfcc2]" started-at="2026-05-20T09:42:23 IST" name="tearDown" finished-at="2026-05-20T09:42:24 IST" duration-ms="935" status="PASS">
          <reporter-output>
          </reporter-output>
        </test-method> <!-- tearDown -->
      </class> <!-- testcase.TC001_AccountRegistrationTest -->
      <class name="testcase.TC002_LoginTest">
        <test-method is-config="true" signature="setUp(java.lang.String,java.lang.String)[pri:0, instance:testcase.TC002_LoginTest@7f6f61c8]" started-at="2026-05-20T09:42:24 IST" name="setUp" finished-at="2026-05-20T09:42:31 IST" duration-ms="7106" status="PASS">
          <params>
            <param index="0">
              <value>
                <![CDATA[Windows]]>
              </value>
            </param>
            <param index="1">
              <value>
                <![CDATA[firefox]]>
              </value>
            </param>
          </params>
          <reporter-output>
          </reporter-output>
        </test-method> <!-- setUp -->
        <test-method signature="test_login(java.lang.String,java.lang.String,java.lang.String)[pri:0, instance:testcase.TC002_LoginTest@7f6f61c8]" started-at="2026-05-20T09:42:31 IST" name="test_login" data-provider="LoginData" finished-at="2026-05-20T09:42:36 IST" duration-ms="4900" status="PASS">
          <params>
            <param index="0">
              <value>
                <![CDATA[bhavsautomation06@gmail.com]]>
              </value>
            </param>
            <param index="1">
              <value>
                <![CDATA[Bhavs@123]]>
              </value>
            </param>
            <param index="2">
              <value>
                <![CDATA[valid]]>
              </value>
            </param>
          </params>
          <reporter-output>
          </reporter-output>
        </test-method> <!-- test_login -->
        <test-method is-config="true" signature="tearDown()[pri:0, instance:testcase.TC002_LoginTest@7f6f61c8]" started-at="2026-05-20T09:42:36 IST" name="tearDown" finished-at="2026-05-20T09:42:38 IST" duration-ms="1851" status="PASS">
          <reporter-output>
          </reporter-output>
        </test-method> <!-- tearDown -->
        <test-method is-config="true" signature="setUp(java.lang.String,java.lang.String)[pri:0, instance:testcase.TC002_LoginTest@7f6f61c8]" started-at="2026-05-20T09:42:38 IST" name="setUp" finished-at="2026-05-20T09:42:45 IST" duration-ms="7347" status="PASS">
          <params>
            <param index="0">
              <value>
                <![CDATA[Windows]]>
              </value>
            </param>
            <param index="1">
              <value>
                <![CDATA[firefox]]>
              </value>
            </param>
          </params>
          <reporter-output>
          </reporter-output>
        </test-method> <!-- setUp -->
        <test-method signature="test_login(java.lang.String,java.lang.String,java.lang.String)[pri:0, instance:testcase.TC002_LoginTest@7f6f61c8]" started-at="2026-05-20T09:42:45 IST" name="test_login" data-provider="LoginData" finished-at="2026-05-20T09:42:59 IST" duration-ms="13317" status="PASS">
          <params>
            <param index="0">
              <value>
                <![CDATA[testuser2@test.com]]>
              </value>
            </param>
            <param index="1">
              <value>
                <![CDATA[Password2@]]>
              </value>
            </param>
            <param index="2">
              <value>
                <![CDATA[invalid]]>
              </value>
            </param>
          </params>
          <reporter-output>
          </reporter-output>
        </test-method> <!-- test_login -->
        <test-method is-config="true" signature="tearDown()[pri:0, instance:testcase.TC002_LoginTest@7f6f61c8]" started-at="2026-05-20T09:42:59 IST" name="tearDown" finished-at="2026-05-20T09:43:00 IST" duration-ms="1182" status="PASS">
          <reporter-output>
          </reporter-output>
        </test-method> <!-- tearDown -->
        <test-method is-config="true" signature="setUp(java.lang.String,java.lang.String)[pri:0, instance:testcase.TC002_LoginTest@7f6f61c8]" started-at="2026-05-20T09:43:00 IST" name="setUp" finished-at="2026-05-20T09:43:07 IST" duration-ms="7343" status="PASS">
          <params>
            <param index="0">
              <value>
                <![CDATA[Windows]]>
              </value>
            </param>
            <param index="1">
              <value>
                <![CDATA[firefox]]>
              </value>
            </param>
          </params>
          <reporter-output>
          </reporter-output>
        </test-method> <!-- setUp -->
        <test-method signature="test_login(java.lang.String,java.lang.String,java.lang.String)[pri:0, instance:testcase.TC002_LoginTest@7f6f61c8]" started-at="2026-05-20T09:43:07 IST" name="test_login" data-provider="LoginData" finished-at="2026-05-20T09:43:19 IST" duration-ms="11661" status="PASS">
          <params>
            <param index="0">
              <value>
                <![CDATA[testuser3@test.com]]>
              </value>
            </param>
            <param index="1">
              <value>
                <![CDATA[Password3@]]>
              </value>
            </param>
            <param index="2">
              <value>
                <![CDATA[invalid]]>
              </value>
            </param>
          </params>
          <reporter-output>
          </reporter-output>
        </test-method> <!-- test_login -->
        <test-method is-config="true" signature="tearDown()[pri:0, instance:testcase.TC002_LoginTest@7f6f61c8]" started-at="2026-05-20T09:43:19 IST" name="tearDown" finished-at="2026-05-20T09:43:20 IST" duration-ms="1253" status="PASS">
          <reporter-output>
          </reporter-output>
        </test-method> <!-- tearDown -->
      </class> <!-- testcase.TC002_LoginTest -->
      <class name="testcase.TC004_AddToCartTest">
        <test-method is-config="true" signature="setUp(java.lang.String,java.lang.String)[pri:0, instance:testcase.TC004_AddToCartTest@ccb4b1b]" started-at="2026-05-20T09:43:39 IST" name="setUp" finished-at="2026-05-20T09:43:44 IST" duration-ms="5051" status="PASS">
          <params>
            <param index="0">
              <value>
                <![CDATA[Windows]]>
              </value>
            </param>
            <param index="1">
              <value>
                <![CDATA[firefox]]>
              </value>
            </param>
          </params>
          <reporter-output>
          </reporter-output>
        </test-method> <!-- setUp -->
        <test-method signature="test_addToCart()[pri:0, instance:testcase.TC004_AddToCartTest@ccb4b1b]" started-at="2026-05-20T09:43:44 IST" name="test_addToCart" finished-at="2026-05-20T09:44:16 IST" duration-ms="31941" status="FAIL">
          <exception class="java.lang.AssertionError">
            <message>
              <![CDATA[Product not found in cart: MacBook expected [true] but found [false]]]>
            </message>
            <full-stacktrace>
              <![CDATA[java.lang.AssertionError: Product not found in cart: MacBook expected [true] but found [false]
at org.testng.Assert.fail(Assert.java:111)
at org.testng.Assert.failNotEquals(Assert.java:1590)
at org.testng.Assert.assertTrue(Assert.java:57)
at testcase.TC004_AddToCartTest.test_addToCart(TC004_AddToCartTest.java:51)
at java.base/jdk.internal.reflect.DirectMethodHandleAccessor.invoke(DirectMethodHandleAccessor.java:103)
at java.base/java.lang.reflect.Method.invoke(Method.java:580)
at org.testng.internal.invokers.MethodInvocationHelper.invokeMethod(MethodInvocationHelper.java:141)
at org.testng.internal.invokers.TestInvoker.invokeMethod(TestInvoker.java:697)
at org.testng.internal.invokers.TestInvoker.invokeTestMethod(TestInvoker.java:230)
at org.testng.internal.invokers.MethodRunner.runInSequence(MethodRunner.java:63)
at org.testng.internal.invokers.TestInvoker$MethodInvocationAgent.invoke(TestInvoker.java:1005)
at org.testng.internal.invokers.TestInvoker.invokeTestMethods(TestInvoker.java:203)
at org.testng.internal.invokers.TestMethodWorker.invokeTestMethods(TestMethodWorker.java:154)
at org.testng.internal.invokers.TestMethodWorker.run(TestMethodWorker.java:134)
at java.base/java.util.ArrayList.forEach(ArrayList.java:1596)
at org.testng.TestRunner.privateRun(TestRunner.java:744)
at org.testng.TestRunner.run(TestRunner.java:616)
at org.testng.SuiteRunner.runTest(SuiteRunner.java:421)
at org.testng.SuiteRunner$SuiteWorker.run(SuiteRunner.java:463)
at org.testng.internal.thread.ThreadUtil.lambda$execute$0(ThreadUtil.java:64)
at java.base/java.util.concurrent.FutureTask.run(FutureTask.java:317)
at java.base/java.util.concurrent.ThreadPoolExecutor.runWorker(ThreadPoolExecutor.java:1144)
at java.base/java.util.concurrent.ThreadPoolExecutor$Worker.run(ThreadPoolExecutor.java:642)
at java.base/java.lang.Thread.run(Thread.java:1583)
]]>
            </full-stacktrace>
          </exception> <!-- java.lang.AssertionError -->
          <reporter-output>
          </reporter-output>
        </test-method> <!-- test_addToCart -->
        <test-method is-config="true" signature="tearDown()[pri:0, instance:testcase.TC004_AddToCartTest@ccb4b1b]" started-at="2026-05-20T09:44:16 IST" name="tearDown" finished-at="2026-05-20T09:44:17 IST" duration-ms="911" status="PASS">
          <reporter-output>
          </reporter-output>
        </test-method> <!-- tearDown -->
      </class> <!-- testcase.TC004_AddToCartTest -->
    </test> <!-- firefoxTest -->
  </suite> <!-- Suite -->
</testng-results>
