<?xml version="1.0" encoding="UTF-8"?>
<testsuite xmlns:xsi="http://www.w3.org/2001/XMLSchema-instance" xsi:noNamespaceSchemaLocation="https://maven.apache.org/surefire/maven-surefire-plugin/xsd/surefire-test-report.xsd" version="3.0.2" name="TestSuite" time="149.482" tests="9" errors="0" skipped="0" failures="1" flakes="0">
  <properties>
[...]
</properties>
  <testcase name="verify_account_registration[Bhavya, sree, Bhavsautomation06.doe+1779250309810@example.com, Bhavya@123, 8688035321](1)" classname="testcase.TC001_AccountRegistrationTest" time="5.699">
    <system-out><![CDATA[09:41:48.844 [main] DEBUG org.testng.TestNG - suiteXmlPath: "C:\Users\hp\eclipse-workspace\OpencartvV123\crossBrowsing.xml"
09:41:54.481 [TestNG-tests-3] INFO  testcase.TC001_AccountRegistrationTest - **** Starting TC001_AccountRegistrationTest ****
09:41:55.690 [TestNG-tests-3] INFO  testcase.TC001_AccountRegistrationTest - Generated unique email: Bhavsautomation06.doe+17792503098101779250315678@example.com
09:42:00.138 [TestNG-tests-3] INFO  testcase.TC001_AccountRegistrationTest - Actual confirmation message: Your Account Has Been Created!
09:42:00.142 [TestNG-tests-3] INFO  testcase.TC001_AccountRegistrationTest - **** Finish TC001_AccountRegistrationTest ****
]]></system-out>
    <system-err><![CDATA[May 20, 2026 9:41:53 AM org.openqa.selenium.devtools.CdpVersionFinder findNearestMatch
WARNING: Unable to find an exact match for CDP version 148, returning the closest version; found: 145; Please update to a Selenium version that supports CDP version 148
]]></system-err>
  </testcase>
  <testcase name="verify_account_registration[Bhavya, sree, Bhavsautomation06.doe+1779250309810@example.com, Bhavya@123, 8688035321](1)" classname="testcase.TC001_AccountRegistrationTest" time="3.658">
    <system-out><![CDATA[09:42:26.513 [TestNG-tests-1] INFO  testcase.TC001_AccountRegistrationTest - **** Starting TC001_AccountRegistrationTest ****
09:42:27.611 [TestNG-tests-1] INFO  testcase.TC001_AccountRegistrationTest - Generated unique email: Bhavsautomation06.doe+17792503098101779250347611@example.com
09:42:30.167 [TestNG-tests-1] INFO  testcase.TC001_AccountRegistrationTest - Actual confirmation message: Your Account Has Been Created!
09:42:30.169 [TestNG-tests-1] INFO  testcase.TC001_AccountRegistrationTest - **** Finish TC001_AccountRegistrationTest ****
]]></system-out>
    <system-err><![CDATA[May 20, 2026 9:42:25 AM org.openqa.selenium.devtools.CdpVersionFinder findNearestMatch
WARNING: Unable to find an exact match for CDP version 148, returning the closest version; found: 145; Please update to a Selenium version that supports CDP version 148
]]></system-err>
  </testcase>
  <testcase name="verify_account_registration[Bhavya, sree, Bhavsautomation06.doe+1779250309809@example.com, Bhavya@123, 8688035321](1)" classname="testcase.TC001_AccountRegistrationTest" time="1.694">
    <system-out><![CDATA[09:42:02.077 [TestNG-tests-2] INFO  testcase.TC001_AccountRegistrationTest - **** Starting TC001_AccountRegistrationTest ****
09:42:04.058 [TestNG-tests-2] INFO  testcase.TC001_AccountRegistrationTest - Generated unique email: Bhavsautomation06.doe+17792503098091779250324058@example.com
09:42:05.721 [TestNG-tests-3] INFO  testcase.TC001_AccountRegistrationTest - **** Starting TC001_AccountRegistrationTest ****
09:42:06.742 [TestNG-tests-3] INFO  testcase.TC001_AccountRegistrationTest - Generated unique email: Stellasmith+17792503098121779250326742@example.com
09:42:07.411 [TestNG-tests-2] INFO  testcase.TC001_AccountRegistrationTest - Actual confirmation message: Your Account Has Been Created!
09:42:07.411 [TestNG-tests-2] INFO  testcase.TC001_AccountRegistrationTest - **** Finish TC001_AccountRegistrationTest ****
]]></system-out>
    <system-err><![CDATA[May 20, 2026 9:42:04 AM org.openqa.selenium.devtools.CdpVersionFinder findNearestMatch
WARNING: Unable to find an exact match for CDP version 148, returning the closest version; found: 145; Please update to a Selenium version that supports CDP version 148
]]></system-err>
  </testcase>
  <testcase name="verify_account_registration[Stella, Smith, Stellasmith+1779250309812@example.com, password@456, 9876543210](2)" classname="testcase.TC001_AccountRegistrationTest" time="4.417">
    <system-out><![CDATA[09:42:10.134 [TestNG-tests-3] INFO  testcase.TC001_AccountRegistrationTest - Actual confirmation message: Your Account Has Been Created!
09:42:10.135 [TestNG-tests-3] INFO  testcase.TC001_AccountRegistrationTest - **** Finish TC001_AccountRegistrationTest ****
]]></system-out>
  </testcase>
  <testcase name="verify_account_registration[Stella, Smith, Stellasmith+1779250309812@example.com, password@456, 9876543210](2)" classname="testcase.TC001_AccountRegistrationTest" time="3.568">
    <system-out><![CDATA[09:42:18.413 [TestNG-tests-2] INFO  testcase.TC001_AccountRegistrationTest - **** Starting TC001_AccountRegistrationTest ****
09:42:20.023 [TestNG-tests-3] INFO  testcase.TC002_LoginTest - **** Starting TC002_LoginTest ****
09:42:20.023 [TestNG-tests-3] INFO  testcase.TC002_LoginTest - Executing login test with user: testuser2@test.com
09:42:21.188 [TestNG-tests-2] INFO  testcase.TC001_AccountRegistrationTest - Generated unique email: Stellasmith+17792503098121779250341188@example.com
09:42:23.590 [TestNG-tests-2] INFO  testcase.TC001_AccountRegistrationTest - Actual confirmation message: Your Account Has Been Created!
09:42:23.590 [TestNG-tests-2] INFO  testcase.TC001_AccountRegistrationTest - **** Finish TC001_AccountRegistrationTest ****
]]></system-out>
    <system-err><![CDATA[May 20, 2026 9:42:19 AM org.openqa.selenium.devtools.CdpVersionFinder findNearestMatch
WARNING: Unable to find an exact match for CDP version 148, returning the closest version; found: 145; Please update to a Selenium version that supports CDP version 148
]]></system-err>
  </testcase>
  <testcase name="verify_account_registration[Stella, Smith, Stellasmith+1779250309812@example.com, password@456, 9876543210](2)" classname="testcase.TC001_AccountRegistrationTest" time="2.686">
    <system-out><![CDATA[09:42:36.639 [TestNG-tests-3] INFO  testcase.TC002_LoginTest - **** Starting TC002_LoginTest ****
09:42:36.640 [TestNG-tests-3] INFO  testcase.TC002_LoginTest - Executing login test with user: testuser3@test.com
09:42:39.322 [TestNG-tests-1] INFO  testcase.TC001_AccountRegistrationTest - Actual confirmation message: Your Account Has Been Created!
09:42:39.325 [TestNG-tests-1] INFO  testcase.TC001_AccountRegistrationTest - **** Finish TC001_AccountRegistrationTest ****
]]></system-out>
  </testcase>
  <testcase name="test_login[bhavsautomation06@gmail.com, Bhavs@123, valid](1)" classname="testcase.TC002_LoginTest" time="3.427">
    <system-out><![CDATA[09:42:13.242 [TestNG-tests-3] INFO  testcase.TC002_LoginTest - **** Starting TC002_LoginTest ****
09:42:13.244 [TestNG-tests-3] INFO  testcase.TC002_LoginTest - Executing login test with user: bhavsautomation06@gmail.com
09:42:16.662 [TestNG-tests-3] INFO  testcase.TC002_LoginTest - **** Finish TC002_LoginTest ****
]]></system-out>
    <system-err><![CDATA[May 20, 2026 9:42:12 AM org.openqa.selenium.devtools.CdpVersionFinder findNearestMatch
WARNING: Unable to find an exact match for CDP version 148, returning the closest version; found: 145; Please update to a Selenium version that supports CDP version 148
]]></system-err>
  </testcase>
  <testcase name="test_login[bhavsautomation06@gmail.com, Bhavs@123, valid](1)" classname="testcase.TC002_LoginTest" time="3.02">
    <system-out><![CDATA[09:42:33.521 [TestNG-tests-1] INFO  testcase.TC001_AccountRegistrationTest - **** Starting TC001_AccountRegistrationTest ****
09:42:34.428 [TestNG-tests-1] INFO  testcase.TC001_AccountRegistrationTest - Generated unique email: Stellasmith+17792503098121779250354428@example.com
09:42:36.530 [TestNG-tests-2] INFO  testcase.TC002_LoginTest - **** Finish TC002_LoginTest ****
]]></system-out>
    <system-err><![CDATA[May 20, 2026 9:42:35 AM org.openqa.selenium.devtools.CdpVersionFinder findNearestMatch
WARNING: Unable to find an exact match for CDP version 148, returning the closest version; found: 145; Please update to a Selenium version that supports CDP version 148
]]></system-err>
  </testcase>
  <testcase name="test_login[bhavsautomation06@gmail.com, Bhavs@123, valid](1)" classname="testcase.TC002_LoginTest" time="2.708">
    <system-out><![CDATA[09:42:41.796 [TestNG-tests-1] INFO  testcase.TC002_LoginTest - **** Starting TC002_LoginTest ****
09:42:41.798 [TestNG-tests-1] INFO  testcase.TC002_LoginTest - Executing login test with user: bhavsautomation06@gmail.com
09:42:44.502 [TestNG-tests-1] INFO  testcase.TC002_LoginTest - **** Finish TC002_LoginTest ****
]]></system-out>
    <system-err><![CDATA[May 20, 2026 9:42:40 AM org.openqa.selenium.devtools.CdpVersionFinder findNearestMatch
WARNING: Unable to find an exact match for CDP version 148, returning the closest version; found: 145; Please update to a Selenium version that supports CDP version 148
]]></system-err>
  </testcase>
  <testcase name="test_login[testuser2@test.com, Password2@, invalid](2)" classname="testcase.TC002_LoginTest" time="1.611">
    <system-out><![CDATA[09:42:31.633 [TestNG-tests-2] INFO  testcase.TC002_LoginTest - **** Starting TC002_LoginTest ****
09:42:31.633 [TestNG-tests-2] INFO  testcase.TC002_LoginTest - Executing login test with user: bhavsautomation06@gmail.com
09:42:33.243 [TestNG-tests-3] INFO  testcase.TC002_LoginTest - **** Finish TC002_LoginTest ****
]]></system-out>
    <system-err><![CDATA[May 20, 2026 9:42:32 AM org.openqa.selenium.devtools.CdpVersionFinder findNearestMatch
WARNING: Unable to find an exact match for CDP version 148, returning the closest version; found: 145; Please update to a Selenium version that supports CDP version 148
]]></system-err>
  </testcase>
  <testcase name="test_login[testuser2@test.com, Password2@, invalid](2)" classname="testcase.TC002_LoginTest" time="1.932">
    <system-out><![CDATA[09:42:57.127 [TestNG-tests-3] INFO  testcase.TC004_AddToCartTest - **** Starting TC004_AddToCartTest ****
09:42:59.057 [TestNG-tests-2] INFO  testcase.TC002_LoginTest - **** Finish TC002_LoginTest ****
]]></system-out>
    <system-err><![CDATA[May 20, 2026 9:42:56 AM org.openqa.selenium.devtools.CdpVersionFinder findNearestMatch
WARNING: Unable to find an exact match for CDP version 148, returning the closest version; found: 145; Please update to a Selenium version that supports CDP version 148
]]></system-err>
  </testcase>
  <testcase name="test_login[testuser2@test.com, Password2@, invalid](2)" classname="testcase.TC002_LoginTest" time="2.198">
    <system-out><![CDATA[09:42:59.321 [TestNG-tests-1] INFO  testcase.TC002_LoginTest - **** Finish TC002_LoginTest ****
]]></system-out>
  </testcase>
  <testcase name="test_login[testuser3@test.com, Password3@, invalid](3)" classname="testcase.TC002_LoginTest" time="1.658">
    <system-out><![CDATA[09:42:45.741 [TestNG-tests-2] INFO  testcase.TC002_LoginTest - **** Starting TC002_LoginTest ****
09:42:45.741 [TestNG-tests-2] INFO  testcase.TC002_LoginTest - Executing login test with user: testuser2@test.com
09:42:47.683 [TestNG-tests-1] INFO  testcase.TC002_LoginTest - **** Starting TC002_LoginTest ****
09:42:47.685 [TestNG-tests-1] INFO  testcase.TC002_LoginTest - Executing login test with user: testuser2@test.com
09:42:49.341 [TestNG-tests-3] INFO  testcase.TC002_LoginTest - **** Finish TC002_LoginTest ****
]]></system-out>
    <system-err><![CDATA[May 20, 2026 9:42:46 AM org.openqa.selenium.devtools.CdpVersionFinder findNearestMatch
WARNING: Unable to find an exact match for CDP version 148, returning the closest version; found: 145; Please update to a Selenium version that supports CDP version 148
]]></system-err>
  </testcase>
  <testcase name="test_login[testuser3@test.com, Password3@, invalid](3)" classname="testcase.TC002_LoginTest" time="7.609">
    <system-out><![CDATA[09:43:01.417 [TestNG-tests-1] INFO  testcase.TC002_LoginTest - **** Starting TC002_LoginTest ****
09:43:01.417 [TestNG-tests-1] INFO  testcase.TC002_LoginTest - Executing login test with user: testuser3@test.com
09:43:07.584 [TestNG-tests-2] INFO  testcase.TC002_LoginTest - **** Starting TC002_LoginTest ****
09:43:07.584 [TestNG-tests-2] INFO  testcase.TC002_LoginTest - Executing login test with user: testuser3@test.com
09:43:15.192 [TestNG-tests-1] INFO  testcase.TC002_LoginTest - **** Finish TC002_LoginTest ****
]]></system-out>
    <system-err><![CDATA[May 20, 2026 9:43:00 AM org.openqa.selenium.devtools.CdpVersionFinder findNearestMatch
WARNING: Unable to find an exact match for CDP version 148, returning the closest version; found: 145; Please update to a Selenium version that supports CDP version 148
]]></system-err>
  </testcase>
  <testcase name="test_login[testuser3@test.com, Password3@, invalid](3)" classname="testcase.TC002_LoginTest" time="2.231">
    <system-out><![CDATA[09:43:19.245 [TestNG-tests-2] INFO  testcase.TC002_LoginTest - **** Finish TC002_LoginTest ****
]]></system-out>
    <system-err><![CDATA[May 20, 2026 9:43:18 AM org.openqa.selenium.devtools.CdpVersionFinder findNearestMatch
WARNING: Unable to find an exact match for CDP version 148, returning the closest version; found: 145; Please update to a Selenium version that supports CDP version 148
]]></system-err>
  </testcase>
  <testcase name="searchProductTest[MacBook, Intel Core 2 Duo](1)" classname="testcase.TC003_SearchTest" time="0.79">
    <system-out><![CDATA[Product Map: {MacBook=Intel Core 2 Duo processor Powered by an Intel Core 2 Duo processor at speeds up to 2.16GHz, t.., MacBook Air=$602.00
Ex Tax:$500.00, MacBook Pro=MacBook Air is ultrathin, ultraportable, and ultra unlike anything else. But you don’t lose in..}
]]></system-out>
    <system-err><![CDATA[May 20, 2026 9:42:50 AM org.openqa.selenium.devtools.CdpVersionFinder findNearestMatch
WARNING: Unable to find an exact match for CDP version 148, returning the closest version; found: 145; Please update to a Selenium version that supports CDP version 148
]]></system-err>
  </testcase>
  <testcase name="searchProductTest[MacBook, Intel Core 2 Duo](1)" classname="testcase.TC003_SearchTest" time="0.596">
    <system-out><![CDATA[Product Map: {MacBook=Intel Core 2 Duo processor Powered by an Intel Core 2 Duo processor at speeds up to 2.16GHz, t.., MacBook Air=$602.00
Ex Tax:$500.00, MacBook Pro=MacBook Air is ultrathin, ultraportable, and ultra unlike anything else. But you don’t lose in..}
]]></system-out>
    <system-err><![CDATA[May 20, 2026 9:43:16 AM org.openqa.selenium.devtools.CdpVersionFinder findNearestMatch
WARNING: Unable to find an exact match for CDP version 148, returning the closest version; found: 145; Please update to a Selenium version that supports CDP version 148
]]></system-err>
  </testcase>
  <testcase name="searchProductTest[MacBook, Intel Core 2 Duo](1)" classname="testcase.TC003_SearchTest" time="1.476">
    <system-out><![CDATA[09:43:22.170 [TestNG-tests-1] INFO  testcase.TC004_AddToCartTest - **** Starting TC004_AddToCartTest ****
Product Map: {MacBook=Intel Core 2 Duo processor Powered by an Intel Core 2 Duo processor at speeds up to 2.16GHz, t.., MacBook Air=$602.00
Ex Tax:$500.00, MacBook Pro=MacBook Air is ultrathin, ultraportable, and ultra unlike anything else. But you don’t lose in..}
]]></system-out>
    <system-err><![CDATA[May 20, 2026 9:43:21 AM org.openqa.selenium.devtools.CdpVersionFinder findNearestMatch
WARNING: Unable to find an exact match for CDP version 148, returning the closest version; found: 145; Please update to a Selenium version that supports CDP version 148
]]></system-err>
  </testcase>
  <testcase name="searchProductTest[iPhone, revolutionary new mobile phone](2)" classname="testcase.TC003_SearchTest" time="0.548">
    <system-out><![CDATA[Product Map: {iPhone=iPhone is a revolutionary new mobile phone that allows you to make a call by simply tapping a name o..}
]]></system-out>
    <system-err><![CDATA[May 20, 2026 9:42:53 AM org.openqa.selenium.devtools.CdpVersionFinder findNearestMatch
WARNING: Unable to find an exact match for CDP version 148, returning the closest version; found: 145; Please update to a Selenium version that supports CDP version 148
]]></system-err>
  </testcase>
  <testcase name="searchProductTest[iPhone, revolutionary new mobile phone](2)" classname="testcase.TC003_SearchTest" time="0.624">
    <system-out><![CDATA[Product Map: {iPhone=iPhone is a revolutionary new mobile phone that allows you to make a call by simply tapping a name o..}
]]></system-out>
  </testcase>
  <testcase name="searchProductTest[iPhone, revolutionary new mobile phone](2)" classname="testcase.TC003_SearchTest" time="1.208">
    <system-out><![CDATA[Product Map: {iPhone=iPhone is a revolutionary new mobile phone that allows you to make a call by simply tapping a name o..}
]]></system-out>
  </testcase>
  <testcase name="test_addToCart" classname="testcase.TC004_AddToCartTest" time="2.233">
    <failure message="Product not found in cart: MacBook expected [true] but found [false]" type="java.lang.AssertionError"><![CDATA[java.lang.AssertionError: Product not found in cart: MacBook expected [true] but found [false]
	at org.testng.Assert.fail(Assert.java:111)
	at org.testng.Assert.failNotEquals(Assert.java:1590)
	at org.testng.Assert.assertTrue(Assert.java:57)
	at testcase.TC004_AddToCartTest.test_addToCart(TC004_AddToCartTest.java:51)
	at java.base/jdk.internal.reflect.DirectMethodHandleAccessor.invoke(DirectMethodHandleAccessor.java:103)
	at java.base/java.lang.reflect.Method.invoke(Method.java:580)
	at org.testng.internal.invokers.MethodInvocationHelper.invokeMethod(MethodInvocationHelper.java:141)
	at org.testng.internal.invokers.TestInvoker.invokeMethod(TestInvoker.java:697)
	at org.testng.internal.invokers.TestInvoker.invokeTestMethod(TestInvoker.java:230)
	at org.testng.internal.invokers.MethodRunner.runInSequence(MethodRunner.java:63)
	at org.testng.internal.invokers.TestInvoker$MethodInvocationAgent.invoke(TestInvoker.java:1005)
	at org.testng.internal.invokers.TestInvoker.invokeTestMethods(TestInvoker.java:203)
	at org.testng.internal.invokers.TestMethodWorker.invokeTestMethods(TestMethodWorker.java:154)
	at org.testng.internal.invokers.TestMethodWorker.run(TestMethodWorker.java:134)
	at java.base/java.util.ArrayList.forEach(ArrayList.java:1596)
	at org.testng.TestRunner.privateRun(TestRunner.java:744)
	at org.testng.TestRunner.run(TestRunner.java:616)
	at org.testng.SuiteRunner.runTest(SuiteRunner.java:421)
	at org.testng.SuiteRunner$SuiteWorker.run(SuiteRunner.java:463)
	at org.testng.internal.thread.ThreadUtil.lambda$execute$0(ThreadUtil.java:64)
	at java.base/java.util.concurrent.FutureTask.run(FutureTask.java:317)
	at java.base/java.util.concurrent.ThreadPoolExecutor.runWorker(ThreadPoolExecutor.java:1144)
	at java.base/java.util.concurrent.ThreadPoolExecutor$Worker.run(ThreadPoolExecutor.java:642)
	at java.base/java.lang.Thread.run(Thread.java:1583)
]]></failure>
    <system-out><![CDATA[09:43:29.309 [TestNG-tests-3] INFO  testbase.BaseClass - Screenshot captured: C:\Users\hp\eclipse-workspace\OpencartvV123/screenshots/test_addToCart_2026.05.20.09.43.29.png
]]></system-out>
  </testcase>
  <testcase name="test_addToCart" classname="testcase.TC004_AddToCartTest" time="10.152">
    <failure message="Product not found in cart: MacBook expected [true] but found [false]" type="java.lang.AssertionError"><![CDATA[java.lang.AssertionError: Product not found in cart: MacBook expected [true] but found [false]
	at org.testng.Assert.fail(Assert.java:111)
	at org.testng.Assert.failNotEquals(Assert.java:1590)
	at org.testng.Assert.assertTrue(Assert.java:57)
	at testcase.TC004_AddToCartTest.test_addToCart(TC004_AddToCartTest.java:51)
	at java.base/jdk.internal.reflect.DirectMethodHandleAccessor.invoke(DirectMethodHandleAccessor.java:103)
	at java.base/java.lang.reflect.Method.invoke(Method.java:580)
	at org.testng.internal.invokers.MethodInvocationHelper.invokeMethod(MethodInvocationHelper.java:141)
	at org.testng.internal.invokers.TestInvoker.invokeMethod(TestInvoker.java:697)
	at org.testng.internal.invokers.TestInvoker.invokeTestMethod(TestInvoker.java:230)
	at org.testng.internal.invokers.MethodRunner.runInSequence(MethodRunner.java:63)
	at org.testng.internal.invokers.TestInvoker$MethodInvocationAgent.invoke(TestInvoker.java:1005)
	at org.testng.internal.invokers.TestInvoker.invokeTestMethods(TestInvoker.java:203)
	at org.testng.internal.invokers.TestMethodWorker.invokeTestMethods(TestMethodWorker.java:154)
	at org.testng.internal.invokers.TestMethodWorker.run(TestMethodWorker.java:134)
	at java.base/java.util.ArrayList.forEach(ArrayList.java:1596)
	at org.testng.TestRunner.privateRun(TestRunner.java:744)
	at org.testng.TestRunner.run(TestRunner.java:616)
	at org.testng.SuiteRunner.runTest(SuiteRunner.java:421)
	at org.testng.SuiteRunner$SuiteWorker.run(SuiteRunner.java:463)
	at org.testng.internal.thread.ThreadUtil.lambda$execute$0(ThreadUtil.java:64)
	at java.base/java.util.concurrent.FutureTask.run(FutureTask.java:317)
	at java.base/java.util.concurrent.ThreadPoolExecutor.runWorker(ThreadPoolExecutor.java:1144)
	at java.base/java.util.concurrent.ThreadPoolExecutor$Worker.run(ThreadPoolExecutor.java:642)
	at java.base/java.lang.Thread.run(Thread.java:1583)
]]></failure>
    <system-out><![CDATA[09:43:44.253 [TestNG-tests-2] INFO  testcase.TC004_AddToCartTest - **** Starting TC004_AddToCartTest ****
09:43:54.403 [TestNG-tests-1] INFO  testbase.BaseClass - Screenshot captured: C:\Users\hp\eclipse-workspace\OpencartvV123/screenshots/test_addToCart_2026.05.20.09.43.54.png
]]></system-out>
  </testcase>
  <testcase name="test_addToCart" classname="testcase.TC004_AddToCartTest" time="32.013">
    <failure message="Product not found in cart: MacBook expected [true] but found [false]" type="java.lang.AssertionError"><![CDATA[java.lang.AssertionError: Product not found in cart: MacBook expected [true] but found [false]
	at org.testng.Assert.fail(Assert.java:111)
	at org.testng.Assert.failNotEquals(Assert.java:1590)
	at org.testng.Assert.assertTrue(Assert.java:57)
	at testcase.TC004_AddToCartTest.test_addToCart(TC004_AddToCartTest.java:51)
	at java.base/jdk.internal.reflect.DirectMethodHandleAccessor.invoke(DirectMethodHandleAccessor.java:103)
	at java.base/java.lang.reflect.Method.invoke(Method.java:580)
	at org.testng.internal.invokers.MethodInvocationHelper.invokeMethod(MethodInvocationHelper.java:141)
	at org.testng.internal.invokers.TestInvoker.invokeMethod(TestInvoker.java:697)
	at org.testng.internal.invokers.TestInvoker.invokeTestMethod(TestInvoker.java:230)
	at org.testng.internal.invokers.MethodRunner.runInSequence(MethodRunner.java:63)
	at org.testng.internal.invokers.TestInvoker$MethodInvocationAgent.invoke(TestInvoker.java:1005)
	at org.testng.internal.invokers.TestInvoker.invokeTestMethods(TestInvoker.java:203)
	at org.testng.internal.invokers.TestMethodWorker.invokeTestMethods(TestMethodWorker.java:154)
	at org.testng.internal.invokers.TestMethodWorker.run(TestMethodWorker.java:134)
	at java.base/java.util.ArrayList.forEach(ArrayList.java:1596)
	at org.testng.TestRunner.privateRun(TestRunner.java:744)
	at org.testng.TestRunner.run(TestRunner.java:616)
	at org.testng.SuiteRunner.runTest(SuiteRunner.java:421)
	at org.testng.SuiteRunner$SuiteWorker.run(SuiteRunner.java:463)
	at org.testng.internal.thread.ThreadUtil.lambda$execute$0(ThreadUtil.java:64)
	at java.base/java.util.concurrent.FutureTask.run(FutureTask.java:317)
	at java.base/java.util.concurrent.ThreadPoolExecutor.runWorker(ThreadPoolExecutor.java:1144)
	at java.base/java.util.concurrent.ThreadPoolExecutor$Worker.run(ThreadPoolExecutor.java:642)
	at java.base/java.lang.Thread.run(Thread.java:1583)
]]></failure>
    <system-out><![CDATA[09:44:16.263 [TestNG-tests-2] INFO  testbase.BaseClass - Screenshot captured: C:\Users\hp\eclipse-workspace\OpencartvV123/screenshots/test_addToCart_2026.05.20.09.44.16.png
]]></system-out>
  </testcase>
</testsuite>