<?xml version="1.0" encoding="UTF-8"?>
<testng-results ignored="0" total="2" passed="2" failed="0" skipped="0">
  <reporter-output>
  </reporter-output>
  <suite started-at="2026-05-01T23:31:29 IST" name="MasterSuite" finished-at="2026-05-01T23:31:51 IST" duration-ms="22765">
    <groups>
      <group name="Master">
        <method signature="TC001_AccountRegistrationTest.verify_account_registration()[pri:0, instance:testcase.TC001_AccountRegistrationTest@f001896]" name="verify_account_registration" class="testcase.TC001_AccountRegistrationTest"/>
        <method signature="TC002_LoginTest.test_login()[pri:0, instance:testcase.TC002_LoginTest@4bc28c33]" name="test_login" class="testcase.TC002_LoginTest"/>
      </group> <!-- Master -->
      <group name="Sanity">
        <method signature="TC002_LoginTest.test_login()[pri:0, instance:testcase.TC002_LoginTest@4bc28c33]" name="test_login" class="testcase.TC002_LoginTest"/>
      </group> <!-- Sanity -->
      <group name="Regression">
        <method signature="TC001_AccountRegistrationTest.verify_account_registration()[pri:0, instance:testcase.TC001_AccountRegistrationTest@f001896]" name="verify_account_registration" class="testcase.TC001_AccountRegistrationTest"/>
      </group> <!-- Regression -->
    </groups>
    <test started-at="2026-05-01T23:31:29 IST" name="Test" finished-at="2026-05-01T23:31:51 IST" duration-ms="22765">
      <class name="testcase.TC001_AccountRegistrationTest">
        <test-method is-config="true" signature="setUp(java.lang.String,java.lang.String)[pri:0, instance:testcase.TC001_AccountRegistrationTest@f001896]" started-at="2026-05-01T23:31:29 IST" name="setUp" finished-at="2026-05-01T23:31:41 IST" duration-ms="11699" status="PASS">
          <params>
            <param index="0">
              <value>
                <![CDATA[Windows]]>
              </value>
            </param>
            <param index="1">
              <value>
                <![CDATA[edge]]>
              </value>
            </param>
          </params>
          <reporter-output>
          </reporter-output>
        </test-method> <!-- setUp -->
        <test-method signature="verify_account_registration()[pri:0, instance:testcase.TC001_AccountRegistrationTest@f001896]" started-at="2026-05-01T23:31:41 IST" name="verify_account_registration" finished-at="2026-05-01T23:31:45 IST" duration-ms="4565" status="PASS">
          <reporter-output>
          </reporter-output>
        </test-method> <!-- verify_account_registration -->
        <test-method is-config="true" signature="tearDown()[pri:0, instance:testcase.TC001_AccountRegistrationTest@f001896]" started-at="2026-05-01T23:31:45 IST" name="tearDown" finished-at="2026-05-01T23:31:46 IST" duration-ms="332" status="PASS">
          <reporter-output>
          </reporter-output>
        </test-method> <!-- tearDown -->
      </class> <!-- testcase.TC001_AccountRegistrationTest -->
      <class name="testcase.TC002_LoginTest">
        <test-method is-config="true" signature="setUp(java.lang.String,java.lang.String)[pri:0, instance:testcase.TC002_LoginTest@4bc28c33]" started-at="2026-05-01T23:31:46 IST" name="setUp" finished-at="2026-05-01T23:31:48 IST" duration-ms="2847" status="PASS">
          <params>
            <param index="0">
              <value>
                <![CDATA[Windows]]>
              </value>
            </param>
            <param index="1">
              <value>
                <![CDATA[edge]]>
              </value>
            </param>
          </params>
          <reporter-output>
          </reporter-output>
        </test-method> <!-- setUp -->
        <test-method signature="test_login()[pri:0, instance:testcase.TC002_LoginTest@4bc28c33]" started-at="2026-05-01T23:31:48 IST" name="test_login" finished-at="2026-05-01T23:31:51 IST" duration-ms="2616" status="PASS">
          <reporter-output>
          </reporter-output>
        </test-method> <!-- test_login -->
        <test-method is-config="true" signature="tearDown()[pri:0, instance:testcase.TC002_LoginTest@4bc28c33]" started-at="2026-05-01T23:31:51 IST" name="tearDown" finished-at="2026-05-01T23:31:51 IST" duration-ms="307" status="PASS">
          <reporter-output>
          </reporter-output>
        </test-method> <!-- tearDown -->
      </class> <!-- testcase.TC002_LoginTest -->
    </test> <!-- Test -->
  </suite> <!-- MasterSuite -->
</testng-results>
