<?xml version="1.0" encoding="UTF-8"?>
<testng-results ignored="0" total="1" passed="1" failed="0" skipped="0">
  <reporter-output>
  </reporter-output>
  <suite started-at="2026-05-20T10:00:56 IST" name="MasterSuite" finished-at="2026-05-20T10:01:42 IST" duration-ms="45803">
    <groups>
    </groups>
    <test started-at="2026-05-20T10:00:56 IST" name="Test" finished-at="2026-05-20T10:01:42 IST" duration-ms="45803">
      <class name="testcase.TC004_AddToCartTest">
        <test-method is-config="true" signature="setUp(java.lang.String,java.lang.String)[pri:0, instance:testcase.TC004_AddToCartTest@1755e85b]" started-at="2026-05-20T10:00:56 IST" name="setUp" finished-at="2026-05-20T10:00:59 IST" duration-ms="2283" status="PASS">
          <params>
            <param index="0">
              <value>
                <![CDATA[Windows]]>
              </value>
            </param>
            <param index="1">
              <value>
                <![CDATA[edge]]>
              </value>
            </param>
          </params>
          <reporter-output>
          </reporter-output>
        </test-method> <!-- setUp -->
        <test-method signature="test_addToCart()[pri:0, instance:testcase.TC004_AddToCartTest@1755e85b]" started-at="2026-05-20T10:00:59 IST" name="test_addToCart" finished-at="2026-05-20T10:01:42 IST" duration-ms="43028" status="PASS">
          <reporter-output>
          </reporter-output>
        </test-method> <!-- test_addToCart -->
        <test-method is-config="true" signature="tearDown()[pri:0, instance:testcase.TC004_AddToCartTest@1755e85b]" started-at="2026-05-20T10:01:42 IST" name="tearDown" finished-at="2026-05-20T10:01:42 IST" duration-ms="250" status="PASS">
          <reporter-output>
          </reporter-output>
        </test-method> <!-- tearDown -->
      </class> <!-- testcase.TC004_AddToCartTest -->
    </test> <!-- Test -->
  </suite> <!-- MasterSuite -->
</testng-results>
