<?xml version="1.0" encoding="UTF-8"?>
<!-- Generated by org.testng.reporters.JUnitReportReporter -->
<testsuite hostname="Bhavya" failures="0" tests="21" name="testcase.TC003_Datadriventest" time="215.103" errors="0" timestamp="2026-05-04T12:41:22 IST" skipped="0">
  <testcase classname="testcase.TC003_Datadriventest" name="test_loginDDT" time="12.369"/>
  <testcase classname="testcase.TC003_Datadriventest" name="test_loginDDT" time="13.052"/>
  <testcase classname="testcase.TC003_Datadriventest" name="test_loginDDT" time="5.051"/>
  <testcase classname="testcase.TC003_Datadriventest" name="test_loginDDT" time="11.457"/>
  <testcase classname="testcase.TC003_Datadriventest" name="test_loginDDT" time="12.930"/>
  <testcase classname="testcase.TC003_Datadriventest" name="test_loginDDT" time="3.388"/>
  <testcase classname="testcase.TC003_Datadriventest" name="test_loginDDT" time="17.257"/>
  <testcase classname="testcase.TC003_Datadriventest" name="test_loginDDT" time="16.388"/>
  <testcase classname="testcase.TC003_Datadriventest" name="test_loginDDT" time="12.684"/>
  <testcase classname="testcase.TC003_Datadriventest" name="test_loginDDT" time="19.596"/>
  <testcase classname="testcase.TC003_Datadriventest" name="test_loginDDT" time="2.917"/>
  <testcase classname="testcase.TC003_Datadriventest" name="test_loginDDT" time="11.787"/>
  <testcase classname="testcase.TC003_Datadriventest" name="test_loginDDT" time="12.409"/>
  <testcase classname="testcase.TC003_Datadriventest" name="test_loginDDT" time="5.627"/>
  <testcase classname="testcase.TC003_Datadriventest" name="test_loginDDT" time="7.619"/>
  <testcase classname="testcase.TC003_Datadriventest" name="test_loginDDT" time="3.658"/>
  <testcase classname="testcase.TC003_Datadriventest" name="test_loginDDT" time="13.180"/>
  <testcase classname="testcase.TC003_Datadriventest" name="test_loginDDT" time="5.776"/>
  <testcase classname="testcase.TC003_Datadriventest" name="test_loginDDT" time="11.643"/>
  <testcase classname="testcase.TC003_Datadriventest" name="test_loginDDT" time="8.545"/>
  <testcase classname="testcase.TC003_Datadriventest" name="test_loginDDT" time="7.770"/>
</testsuite> <!-- testcase.TC003_Datadriventest -->
