<?xml version="1.0" encoding="UTF-8"?>
<!-- Generated by org.testng.reporters.JUnitReportReporter -->
<testsuite hostname="Bhavya" failures="0" tests="9" name="testcase.TC002_LoginTest" time="136.692" errors="0" timestamp="2026-05-19T22:23:05 IST" skipped="0">
  <testcase classname="testcase.TC002_LoginTest" name="test_login" time="15.975"/>
  <testcase classname="testcase.TC002_LoginTest" name="test_login" time="22.866"/>
  <testcase classname="testcase.TC002_LoginTest" name="test_login" time="6.397"/>
  <testcase classname="testcase.TC002_LoginTest" name="test_login" time="13.080"/>
  <testcase classname="testcase.TC002_LoginTest" name="test_login" time="21.910"/>
  <testcase classname="testcase.TC002_LoginTest" name="test_login" time="15.817"/>
  <testcase classname="testcase.TC002_LoginTest" name="test_login" time="16.587"/>
  <testcase classname="testcase.TC002_LoginTest" name="test_login" time="7.135"/>
  <testcase classname="testcase.TC002_LoginTest" name="test_login" time="16.925"/>
</testsuite> <!-- testcase.TC002_LoginTest -->
