<?xml version="1.0" encoding="UTF-8"?>
<!-- Generated by org.testng.reporters.JUnitReportReporter -->
<testsuite hostname="Bhavya" failures="0" tests="6" name="testcase.TC001_AccountRegistrationTest" time="71.375" errors="0" timestamp="2026-05-19T22:23:05 IST" skipped="0">
  <testcase classname="testcase.TC001_AccountRegistrationTest" name="verify_account_registration" time="8.231"/>
  <testcase classname="testcase.TC001_AccountRegistrationTest" name="verify_account_registration" time="16.437"/>
  <testcase classname="testcase.TC001_AccountRegistrationTest" name="verify_account_registration" time="11.122"/>
  <testcase classname="testcase.TC001_AccountRegistrationTest" name="verify_account_registration" time="10.372"/>
  <testcase classname="testcase.TC001_AccountRegistrationTest" name="verify_account_registration" time="16.309"/>
  <testcase classname="testcase.TC001_AccountRegistrationTest" name="verify_account_registration" time="8.904"/>
</testsuite> <!-- testcase.TC001_AccountRegistrationTest -->
