<?xml version="1.0" encoding="UTF-8"?>
<!-- Generated by org.testng.reporters.JUnitReportReporter -->
<testsuite hostname="Bhavya" failures="0" tests="6" name="testcase.TC003_SearchTest" time="36.727" errors="0" timestamp="2026-05-19T22:23:05 IST" skipped="0">
  <testcase classname="testcase.TC003_SearchTest" name="searchProductTest" time="9.039"/>
  <testcase classname="testcase.TC003_SearchTest" name="searchProductTest" time="4.556"/>
  <testcase classname="testcase.TC003_SearchTest" name="searchProductTest" time="4.036"/>
  <testcase classname="testcase.TC003_SearchTest" name="searchProductTest" time="5.639"/>
  <testcase classname="testcase.TC003_SearchTest" name="searchProductTest" time="9.245"/>
  <testcase classname="testcase.TC003_SearchTest" name="searchProductTest" time="4.212"/>
</testsuite> <!-- testcase.TC003_SearchTest -->
