<?xml version="1.0" encoding="UTF-8"?>
<!-- Generated by org.testng.reporters.JUnitReportReporter -->
<testsuite hostname="Bhavya" failures="0" tests="9" name="testcase.TC002_LoginTest" time="130.597" errors="0" timestamp="2026-05-20T09:44:17 IST" skipped="0">
  <testcase classname="testcase.TC002_LoginTest" name="test_login" time="16.419"/>
  <testcase classname="testcase.TC002_LoginTest" name="test_login" time="21.917"/>
  <testcase classname="testcase.TC002_LoginTest" name="test_login" time="5.033"/>
  <testcase classname="testcase.TC002_LoginTest" name="test_login" time="14.094"/>
  <testcase classname="testcase.TC002_LoginTest" name="test_login" time="16.178"/>
  <testcase classname="testcase.TC002_LoginTest" name="test_login" time="6.243"/>
  <testcase classname="testcase.TC002_LoginTest" name="test_login" time="16.249"/>
  <testcase classname="testcase.TC002_LoginTest" name="test_login" time="14.515"/>
  <testcase classname="testcase.TC002_LoginTest" name="test_login" time="19.949"/>
</testsuite> <!-- testcase.TC002_LoginTest -->
