<?xml version="1.0" encoding="UTF-8"?>
<!-- Generated by org.testng.reporters.JUnitReportReporter -->
<testsuite hostname="Bhavya" failures="0" tests="6" name="testcase.TC003_SearchTest" time="29.332" errors="0" timestamp="2026-05-20T09:44:17 IST" skipped="0">
  <testcase classname="testcase.TC003_SearchTest" name="searchProductTest" time="9.181"/>
  <testcase classname="testcase.TC003_SearchTest" name="searchProductTest" time="9.519"/>
  <testcase classname="testcase.TC003_SearchTest" name="searchProductTest" time="2.474"/>
  <testcase classname="testcase.TC003_SearchTest" name="searchProductTest" time="2.448"/>
  <testcase classname="testcase.TC003_SearchTest" name="searchProductTest" time="3.015"/>
  <testcase classname="testcase.TC003_SearchTest" name="searchProductTest" time="2.695"/>
</testsuite> <!-- testcase.TC003_SearchTest -->
