<?xml version="1.0" encoding="UTF-8"?>
<!-- Generated by org.testng.reporters.JUnitReportReporter -->
<testsuite hostname="Bhavya" failures="0" tests="6" name="testcase.TC001_AccountRegistrationTest" time="105.380" errors="0" timestamp="2026-05-20T09:44:17 IST" skipped="0">
  <testcase classname="testcase.TC001_AccountRegistrationTest" name="verify_account_registration" time="40.760"/>
  <testcase classname="testcase.TC001_AccountRegistrationTest" name="verify_account_registration" time="11.248"/>
  <testcase classname="testcase.TC001_AccountRegistrationTest" name="verify_account_registration" time="15.578"/>
  <testcase classname="testcase.TC001_AccountRegistrationTest" name="verify_account_registration" time="19.116"/>
  <testcase classname="testcase.TC001_AccountRegistrationTest" name="verify_account_registration" time="9.110"/>
  <testcase classname="testcase.TC001_AccountRegistrationTest" name="verify_account_registration" time="9.568"/>
</testsuite> <!-- testcase.TC001_AccountRegistrationTest -->
