<?xml version="1.0" encoding="UTF-8"?>
<!-- Generated by org.testng.reporters.JUnitXMLReporter -->
<testsuite ignored="0" hostname="Bhavya" failures="0" tests="5" name="chromeTest" time="53.438" errors="0" timestamp="2026-05-19T22:18:20 IST">
  <testcase classname="testcase.TC001_AccountRegistrationTest" name="verify_account_registration" time="3.827"/>
  <testcase classname="testcase.TC001_AccountRegistrationTest" name="verify_account_registration" time="3.321"/>
  <testcase classname="testcase.TC002_LoginTest" name="test_login" time="2.623"/>
  <testcase classname="testcase.TC002_LoginTest" name="test_login" time="11.963"/>
  <testcase classname="testcase.TC002_LoginTest" name="test_login" time="11.854"/>
</testsuite> <!-- chromeTest -->
