<?xml version="1.0" encoding="UTF-8"?>
<!-- Generated by org.testng.reporters.JUnitXMLReporter -->
<testsuite ignored="0" hostname="Bhavya" failures="0" tests="5" name="edgeTest" time="50.955" errors="0" timestamp="2026-05-19T22:17:26 IST">
  <testcase classname="testcase.TC001_AccountRegistrationTest" name="verify_account_registration" time="3.34"/>
  <testcase classname="testcase.TC001_AccountRegistrationTest" name="verify_account_registration" time="4.3"/>
  <testcase classname="testcase.TC002_LoginTest" name="test_login" time="3.427"/>
  <testcase classname="testcase.TC002_LoginTest" name="test_login" time="13.08"/>
  <testcase classname="testcase.TC002_LoginTest" name="test_login" time="12.16"/>
</testsuite> <!-- edgeTest -->
