<?xml version="1.0" encoding="UTF-8"?>
<!-- Generated by org.testng.reporters.JUnitXMLReporter -->
<testsuite ignored="0" hostname="Bhavya" failures="0" tests="2" name="FirefoxTest" time="28.178" errors="0" timestamp="2026-05-01T16:45:31 IST">
  <testcase classname="testcase.TC001_AccountRegistrationTest" name="verify_account_registration" time="0.0">
    <skipped/>
  </testcase> <!-- verify_account_registration -->
  <testcase classname="testcase.TC002_LoginTest" name="test_login" time="1.803"/>
</testsuite> <!-- FirefoxTest -->
